0 verbose cli C:\Program Files\nodejs\node.exe C:\Program Files\nodejs\node_modules\npm\bin\npm-cli.js
1 info using npm@11.6.2
2 info using node@v24.11.1
3 silly config load:file:C:\Program Files\nodejs\node_modules\npm\npmrc
4 silly config load:file:E:\Arul\CLINTS\Millets Bar\.npmrc
5 silly config load:file:C:\Users\jclem\.npmrc
6 silly config load:file:C:\Users\jclem\AppData\Roaming\npm\etc\npmrc
7 verbose title npm install
8 verbose argv "install" "--cache" ".npm-cache"
9 verbose logfile logs-max:10 dir:E:\Arul\CLINTS\Millets Bar\.npm-cache\_logs\2026-05-08T11_48_56_319Z-
10 verbose logfile E:\Arul\CLINTS\Millets Bar\.npm-cache\_logs\2026-05-08T11_48_56_319Z-debug-0.log
11 silly logfile done cleaning log files
12 silly packumentCache heap:4496293888 maxSize:1124073472 maxEntrySize:562036736
13 silly idealTree buildDeps
14 silly fetch manifest @vitejs/plugin-react@^5.0.0
15 silly packumentCache full:https://registry.npmjs.org/@vitejs%2fplugin-react cache-miss
16 http fetch GET 200 https://registry.npmjs.org/@vitejs%2fplugin-react 318ms (cache miss)
17 silly packumentCache full:https://registry.npmjs.org/@vitejs%2fplugin-react set size:undefined disposed:false
18 silly fetch manifest vite@^7.0.0
19 silly packumentCache full:https://registry.npmjs.org/vite cache-miss
20 http fetch GET 200 https://registry.npmjs.org/npm 478ms
21 http fetch GET 200 https://registry.npmjs.org/vite 1443ms (cache miss)
22 silly packumentCache full:https://registry.npmjs.org/vite set size:undefined disposed:false
23 silly fetch manifest @types/node@^20.19.0 || >=22.12.0
24 silly packumentCache full:https://registry.npmjs.org/@types%2fnode cache-miss
25 http fetch GET 200 https://registry.npmjs.org/@types%2fnode 467ms (cache miss)
26 silly packumentCache full:https://registry.npmjs.org/@types%2fnode set size:undefined disposed:false
27 silly fetch manifest jiti@>=1.21.0
28 silly packumentCache full:https://registry.npmjs.org/jiti cache-miss
29 http fetch GET 200 https://registry.npmjs.org/jiti 151ms (cache miss)
30 silly packumentCache full:https://registry.npmjs.org/jiti set size:undefined disposed:false
31 silly fetch manifest less@^4.0.0
32 silly packumentCache full:https://registry.npmjs.org/less cache-miss
33 http fetch GET 200 https://registry.npmjs.org/less 105ms (cache miss)
34 silly packumentCache full:https://registry.npmjs.org/less set size:undefined disposed:false
35 silly fetch manifest lightningcss@^1.21.0
36 silly packumentCache full:https://registry.npmjs.org/lightningcss cache-miss
37 http fetch GET 200 https://registry.npmjs.org/lightningcss 99ms (cache miss)
38 silly packumentCache full:https://registry.npmjs.org/lightningcss set size:undefined disposed:false
39 silly fetch manifest sass@^1.70.0
40 silly packumentCache full:https://registry.npmjs.org/sass cache-miss
41 http fetch GET 200 https://registry.npmjs.org/sass 156ms (cache miss)
42 silly packumentCache full:https://registry.npmjs.org/sass set size:undefined disposed:false
43 silly fetch manifest sass-embedded@^1.70.0
44 silly packumentCache full:https://registry.npmjs.org/sass-embedded cache-miss
45 http fetch GET 200 https://registry.npmjs.org/sass-embedded 111ms (cache miss)
46 silly packumentCache full:https://registry.npmjs.org/sass-embedded set size:undefined disposed:false
47 silly fetch manifest stylus@>=0.54.8
48 silly packumentCache full:https://registry.npmjs.org/stylus cache-miss
49 http fetch GET 200 https://registry.npmjs.org/stylus 404ms (cache miss)
50 silly packumentCache full:https://registry.npmjs.org/stylus set size:undefined disposed:false
51 silly fetch manifest sugarss@^5.0.0
52 silly packumentCache full:https://registry.npmjs.org/sugarss cache-miss
53 http fetch GET 200 https://registry.npmjs.org/sugarss 114ms (cache miss)
54 silly packumentCache full:https://registry.npmjs.org/sugarss set size:undefined disposed:false
55 silly fetch manifest postcss@^8.3.3
56 silly packumentCache full:https://registry.npmjs.org/postcss cache-miss
57 http fetch GET 200 https://registry.npmjs.org/postcss 123ms (cache miss)
58 silly packumentCache full:https://registry.npmjs.org/postcss set size:undefined disposed:false
59 silly fetch manifest terser@^5.16.0
60 silly packumentCache full:https://registry.npmjs.org/terser cache-miss
61 http fetch GET 200 https://registry.npmjs.org/terser 133ms (cache miss)
62 silly packumentCache full:https://registry.npmjs.org/terser set size:undefined disposed:false
63 silly fetch manifest tsx@^4.8.1
64 silly packumentCache full:https://registry.npmjs.org/tsx cache-miss
65 http fetch GET 200 https://registry.npmjs.org/tsx 100ms (cache miss)
66 silly packumentCache full:https://registry.npmjs.org/tsx set size:undefined disposed:false
67 silly fetch manifest yaml@^2.4.2
68 silly packumentCache full:https://registry.npmjs.org/yaml cache-miss
69 http fetch GET 200 https://registry.npmjs.org/yaml 111ms (cache miss)
70 silly packumentCache full:https://registry.npmjs.org/yaml set size:undefined disposed:false
71 silly fetch manifest react@^18.3.1
72 silly packumentCache full:https://registry.npmjs.org/react cache-miss
73 http fetch GET 200 https://registry.npmjs.org/react 361ms (cache miss)
74 silly packumentCache full:https://registry.npmjs.org/react set size:undefined disposed:false
75 silly fetch manifest react-dom@^18.3.1
76 silly packumentCache full:https://registry.npmjs.org/react-dom cache-miss
77 http fetch GET 200 https://registry.npmjs.org/react-dom 410ms (cache miss)
78 silly packumentCache full:https://registry.npmjs.org/react-dom set size:undefined disposed:false
79 silly placeDep ROOT @vitejs/plugin-react@5.2.0 OK for: millet-fam@1.0.0 want: ^5.0.0
80 silly placeDep ROOT vite@7.3.3 OK for: @vitejs/plugin-react@5.2.0 want: ^4.2.0 || ^5.0.0 || ^6.0.0 || ^7.0.0 || ^8.0.0
81 silly placeDep ROOT react@18.3.1 OK for: millet-fam@1.0.0 want: ^18.3.1
82 silly placeDep ROOT react-dom@18.3.1 OK for: millet-fam@1.0.0 want: ^18.3.1
83 silly fetch manifest @babel/core@^7.29.0
84 silly packumentCache full:https://registry.npmjs.org/@babel%2fcore cache-miss
85 silly fetch manifest react-refresh@^0.18.0
86 silly packumentCache full:https://registry.npmjs.org/react-refresh cache-miss
87 silly fetch manifest @types/babel__core@^7.20.5
88 silly packumentCache full:https://registry.npmjs.org/@types%2fbabel__core cache-miss
89 silly fetch manifest @rolldown/pluginutils@1.0.0-rc.3
90 silly packumentCache full:https://registry.npmjs.org/@rolldown%2fpluginutils cache-miss
91 silly fetch manifest @babel/plugin-transform-react-jsx-self@^7.27.1
92 silly packumentCache full:https://registry.npmjs.org/@babel%2fplugin-transform-react-jsx-self cache-miss
93 silly fetch manifest @babel/plugin-transform-react-jsx-source@^7.27.1
94 silly packumentCache full:https://registry.npmjs.org/@babel%2fplugin-transform-react-jsx-source cache-miss
95 silly fetch manifest fdir@^6.5.0
96 silly packumentCache full:https://registry.npmjs.org/fdir cache-miss
97 silly fetch manifest rollup@^4.43.0
98 silly packumentCache full:https://registry.npmjs.org/rollup cache-miss
99 silly fetch manifest esbuild@^0.27.0
100 silly packumentCache full:https://registry.npmjs.org/esbuild cache-miss
101 silly fetch manifest postcss@^8.5.6
102 silly packumentCache full:https://registry.npmjs.org/postcss cache-miss
103 silly fetch manifest picomatch@^4.0.3
104 silly packumentCache full:https://registry.npmjs.org/picomatch cache-miss
105 http cache https://registry.npmjs.org/postcss 120ms (cache hit)
106 silly packumentCache full:https://registry.npmjs.org/postcss set size:720302 disposed:false
107 silly fetch manifest tinyglobby@^0.2.15
108 silly packumentCache full:https://registry.npmjs.org/tinyglobby cache-miss
109 http fetch GET 200 https://registry.npmjs.org/@babel%2fcore 212ms (cache miss)
110 silly packumentCache full:https://registry.npmjs.org/@babel%2fcore set size:undefined disposed:false
111 silly fetch manifest fsevents@~2.3.3
112 silly packumentCache full:https://registry.npmjs.org/fsevents cache-miss
113 http fetch GET 200 https://registry.npmjs.org/fsevents 216ms (cache miss)
114 silly packumentCache full:https://registry.npmjs.org/fsevents set size:undefined disposed:false
115 silly fetch manifest loose-envify@^1.1.0
116 silly packumentCache full:https://registry.npmjs.org/loose-envify cache-miss
117 http fetch GET 200 https://registry.npmjs.org/react-refresh 460ms (cache miss)
118 silly packumentCache full:https://registry.npmjs.org/react-refresh set size:undefined disposed:false
119 silly fetch manifest scheduler@^0.23.2
120 silly packumentCache full:https://registry.npmjs.org/scheduler cache-miss
121 http fetch GET 200 https://registry.npmjs.org/loose-envify 190ms (cache miss)
122 silly packumentCache full:https://registry.npmjs.org/loose-envify set size:undefined disposed:false
123 http fetch GET 200 https://registry.npmjs.org/@types%2fbabel__core 678ms (cache miss)
124 silly packumentCache full:https://registry.npmjs.org/@types%2fbabel__core set size:undefined disposed:false
125 http fetch GET 200 https://registry.npmjs.org/tinyglobby 549ms (cache miss)
126 silly packumentCache full:https://registry.npmjs.org/tinyglobby set size:undefined disposed:false
127 http fetch GET 200 https://registry.npmjs.org/fdir 699ms (cache miss)
128 silly packumentCache full:https://registry.npmjs.org/fdir set size:undefined disposed:false
129 http fetch GET 200 https://registry.npmjs.org/@rolldown%2fpluginutils 711ms (cache miss)
130 silly packumentCache full:https://registry.npmjs.org/@rolldown%2fpluginutils set size:undefined disposed:false
131 http fetch GET 200 https://registry.npmjs.org/@babel%2fplugin-transform-react-jsx-self 723ms (cache miss)
132 silly packumentCache full:https://registry.npmjs.org/@babel%2fplugin-transform-react-jsx-self set size:undefined disposed:false
133 http fetch GET 200 https://registry.npmjs.org/@babel%2fplugin-transform-react-jsx-source 733ms (cache miss)
134 silly packumentCache full:https://registry.npmjs.org/@babel%2fplugin-transform-react-jsx-source set size:undefined disposed:false
135 http fetch GET 200 https://registry.npmjs.org/picomatch 739ms (cache miss)
136 silly packumentCache full:https://registry.npmjs.org/picomatch set size:undefined disposed:false
137 http fetch GET 200 https://registry.npmjs.org/esbuild 912ms (cache miss)
138 silly packumentCache full:https://registry.npmjs.org/esbuild set size:undefined disposed:false
139 http fetch GET 200 https://registry.npmjs.org/scheduler 487ms (cache miss)
140 silly packumentCache full:https://registry.npmjs.org/scheduler set size:undefined disposed:false
141 http fetch GET 200 https://registry.npmjs.org/rollup 1210ms (cache miss)
142 silly packumentCache full:https://registry.npmjs.org/rollup set size:undefined disposed:false
143 silly placeDep ROOT @babel/core@7.29.0 OK for: @vitejs/plugin-react@5.2.0 want: ^7.29.0
144 silly placeDep ROOT @babel/plugin-transform-react-jsx-self@7.27.1 OK for: @vitejs/plugin-react@5.2.0 want: ^7.27.1
145 silly placeDep ROOT @babel/plugin-transform-react-jsx-source@7.27.1 OK for: @vitejs/plugin-react@5.2.0 want: ^7.27.1
146 silly placeDep ROOT @rolldown/pluginutils@1.0.0-rc.3 OK for: @vitejs/plugin-react@5.2.0 want: 1.0.0-rc.3
147 silly placeDep ROOT @types/babel__core@7.20.5 OK for: @vitejs/plugin-react@5.2.0 want: ^7.20.5
148 silly placeDep ROOT react-refresh@0.18.0 OK for: @vitejs/plugin-react@5.2.0 want: ^0.18.0
149 silly fetch manifest debug@^4.1.0
150 silly packumentCache full:https://registry.npmjs.org/debug cache-miss
151 silly fetch manifest json5@^2.2.3
152 silly packumentCache full:https://registry.npmjs.org/json5 cache-miss
153 silly fetch manifest semver@^6.3.1
154 silly packumentCache full:https://registry.npmjs.org/semver cache-miss
155 silly fetch manifest gensync@^1.0.0-beta.2
156 silly packumentCache full:https://registry.npmjs.org/gensync cache-miss
157 silly fetch manifest @babel/types@^7.29.0
158 silly packumentCache full:https://registry.npmjs.org/@babel%2ftypes cache-miss
159 silly fetch manifest @babel/parser@^7.29.0
160 silly packumentCache full:https://registry.npmjs.org/@babel%2fparser cache-miss
161 silly fetch manifest @babel/helpers@^7.28.6
162 silly packumentCache full:https://registry.npmjs.org/@babel%2fhelpers cache-miss
163 silly fetch manifest @babel/template@^7.28.6
164 silly packumentCache full:https://registry.npmjs.org/@babel%2ftemplate cache-miss
165 silly fetch manifest @babel/traverse@^7.29.0
166 silly packumentCache full:https://registry.npmjs.org/@babel%2ftraverse cache-miss
167 silly fetch manifest @babel/generator@^7.29.0
168 silly packumentCache full:https://registry.npmjs.org/@babel%2fgenerator cache-miss
169 silly fetch manifest @babel/code-frame@^7.29.0
170 silly packumentCache full:https://registry.npmjs.org/@babel%2fcode-frame cache-miss
171 http fetch GET 200 https://registry.npmjs.org/gensync 163ms (cache miss)
172 silly packumentCache full:https://registry.npmjs.org/gensync set size:undefined disposed:false
173 silly fetch manifest convert-source-map@^2.0.0
174 silly packumentCache full:https://registry.npmjs.org/convert-source-map cache-miss
175 http fetch GET 200 https://registry.npmjs.org/debug 187ms (cache miss)
176 silly packumentCache full:https://registry.npmjs.org/debug set size:undefined disposed:false
177 silly fetch manifest @jridgewell/remapping@^2.3.5
178 silly packumentCache full:https://registry.npmjs.org/@jridgewell%2fremapping cache-miss
179 http fetch GET 200 https://registry.npmjs.org/json5 208ms (cache miss)
180 silly packumentCache full:https://registry.npmjs.org/json5 set size:undefined disposed:false
181 silly fetch manifest @babel/helper-module-transforms@^7.28.6
182 silly packumentCache full:https://registry.npmjs.org/@babel%2fhelper-module-transforms cache-miss
183 http fetch GET 200 https://registry.npmjs.org/semver 236ms (cache miss)
184 silly packumentCache full:https://registry.npmjs.org/semver set size:undefined disposed:false
185 silly fetch manifest @babel/helper-compilation-targets@^7.28.6
186 silly packumentCache full:https://registry.npmjs.org/@babel%2fhelper-compilation-targets cache-miss
187 http fetch GET 200 https://registry.npmjs.org/@babel%2ftypes 262ms (cache miss)
188 silly packumentCache full:https://registry.npmjs.org/@babel%2ftypes set size:undefined disposed:false
189 silly fetch manifest @babel/helper-plugin-utils@^7.27.1
190 silly packumentCache full:https://registry.npmjs.org/@babel%2fhelper-plugin-utils cache-miss
191 http fetch GET 200 https://registry.npmjs.org/@babel%2fcode-frame 277ms (cache miss)
192 silly packumentCache full:https://registry.npmjs.org/@babel%2fcode-frame set size:undefined disposed:false
193 silly fetch manifest @babel/helper-plugin-utils@^7.27.1
194 silly packumentCache full:https://registry.npmjs.org/@babel%2fhelper-plugin-utils cache-miss
195 http fetch GET 200 https://registry.npmjs.org/@babel%2ftemplate 289ms (cache miss)
196 silly packumentCache full:https://registry.npmjs.org/@babel%2ftemplate set size:undefined disposed:false
197 silly fetch manifest @babel/types@^7.20.7
198 silly packumentCache full:https://registry.npmjs.org/@babel%2ftypes cache-miss
199 http fetch GET 200 https://registry.npmjs.org/@babel%2ftraverse 300ms (cache miss)
200 silly packumentCache full:https://registry.npmjs.org/@babel%2ftraverse set size:undefined disposed:false
201 silly fetch manifest @babel/parser@^7.20.7
202 silly packumentCache full:https://registry.npmjs.org/@babel%2fparser cache-miss
203 http fetch GET 200 https://registry.npmjs.org/@babel%2fgenerator 339ms (cache miss)
204 silly packumentCache full:https://registry.npmjs.org/@babel%2fgenerator set size:undefined disposed:false
205 silly fetch manifest @types/babel__template@*
206 silly packumentCache full:https://registry.npmjs.org/@types%2fbabel__template cache-miss
207 http cache https://registry.npmjs.org/@babel%2ftypes 125ms (cache hit)
208 silly packumentCache full:https://registry.npmjs.org/@babel%2ftypes set size:489931 disposed:false
209 silly fetch manifest @types/babel__traverse@*
210 silly packumentCache full:https://registry.npmjs.org/@types%2fbabel__traverse cache-miss
211 http fetch GET 200 https://registry.npmjs.org/@babel%2fhelpers 447ms (cache miss)
212 silly packumentCache full:https://registry.npmjs.org/@babel%2fhelpers set size:undefined disposed:false
213 silly fetch manifest @types/babel__generator@*
214 silly packumentCache full:https://registry.npmjs.org/@types%2fbabel__generator cache-miss
215 http fetch GET 200 https://registry.npmjs.org/@jridgewell%2fremapping 271ms (cache miss)
216 silly packumentCache full:https://registry.npmjs.org/@jridgewell%2fremapping set size:undefined disposed:false
217 http fetch GET 200 https://registry.npmjs.org/convert-source-map 303ms (cache miss)
218 silly packumentCache full:https://registry.npmjs.org/convert-source-map set size:undefined disposed:false
219 http fetch GET 200 https://registry.npmjs.org/@babel%2fhelper-compilation-targets 239ms (cache miss)
220 silly packumentCache full:https://registry.npmjs.org/@babel%2fhelper-compilation-targets set size:undefined disposed:false
221 http fetch GET 200 https://registry.npmjs.org/@babel%2fparser 491ms (cache miss)
222 silly packumentCache full:https://registry.npmjs.org/@babel%2fparser set size:undefined disposed:false
223 http fetch GET 200 https://registry.npmjs.org/@babel%2fhelper-plugin-utils 234ms (cache miss)
224 silly packumentCache full:https://registry.npmjs.org/@babel%2fhelper-plugin-utils set size:undefined disposed:false
225 http fetch GET 200 https://registry.npmjs.org/@babel%2fhelper-plugin-utils 224ms (cache miss)
226 silly packumentCache full:https://registry.npmjs.org/@babel%2fhelper-plugin-utils set size:undefined disposed:false
227 http fetch GET 200 https://registry.npmjs.org/@types%2fbabel__template 166ms (cache miss)
228 silly packumentCache full:https://registry.npmjs.org/@types%2fbabel__template set size:undefined disposed:false
229 http fetch GET 200 https://registry.npmjs.org/@babel%2fhelper-module-transforms 319ms (cache miss)
230 silly packumentCache full:https://registry.npmjs.org/@babel%2fhelper-module-transforms set size:undefined disposed:false
231 http fetch GET 200 https://registry.npmjs.org/@babel%2fparser 237ms (cache miss)
232 silly packumentCache full:https://registry.npmjs.org/@babel%2fparser set size:undefined disposed:false
233 http fetch GET 200 https://registry.npmjs.org/@types%2fbabel__generator 114ms (cache miss)
234 silly packumentCache full:https://registry.npmjs.org/@types%2fbabel__generator set size:undefined disposed:false
235 http fetch GET 200 https://registry.npmjs.org/@types%2fbabel__traverse 947ms (cache miss)
236 silly packumentCache full:https://registry.npmjs.org/@types%2fbabel__traverse set size:undefined disposed:false
237 silly fetch manifest @babel/core@^7.0.0
238 silly packumentCache full:https://registry.npmjs.org/@babel%2fcore cache-miss
239 http cache https://registry.npmjs.org/@babel%2fcore 17ms (cache hit)
240 silly packumentCache full:https://registry.npmjs.org/@babel%2fcore set size:764052 disposed:false
241 silly placeDep ROOT @babel/code-frame@7.29.0 OK for: @babel/core@7.29.0 want: ^7.29.0
242 silly placeDep ROOT @babel/generator@7.29.1 OK for: @babel/core@7.29.0 want: ^7.29.0
243 silly placeDep ROOT @babel/helper-compilation-targets@7.28.6 OK for: @babel/core@7.29.0 want: ^7.28.6
244 silly placeDep ROOT @babel/helper-module-transforms@7.28.6 OK for: @babel/core@7.29.0 want: ^7.28.6
245 silly placeDep ROOT @babel/helpers@7.29.2 OK for: @babel/core@7.29.0 want: ^7.28.6
246 silly placeDep ROOT @babel/parser@7.29.3 OK for: @babel/core@7.29.0 want: ^7.29.0
247 silly placeDep ROOT @babel/template@7.28.6 OK for: @babel/core@7.29.0 want: ^7.28.6
248 silly placeDep ROOT @babel/traverse@7.29.0 OK for: @babel/core@7.29.0 want: ^7.29.0
249 silly placeDep ROOT @babel/types@7.29.0 OK for: @babel/core@7.29.0 want: ^7.29.0
250 silly placeDep ROOT @jridgewell/remapping@2.3.5 OK for: @babel/core@7.29.0 want: ^2.3.5
251 silly placeDep ROOT convert-source-map@2.0.0 OK for: @babel/core@7.29.0 want: ^2.0.0
252 silly placeDep ROOT debug@4.4.3 OK for: @babel/core@7.29.0 want: ^4.1.0
253 silly placeDep ROOT gensync@1.0.0-beta.2 OK for: @babel/core@7.29.0 want: ^1.0.0-beta.2
254 silly placeDep ROOT json5@2.2.3 OK for: @babel/core@7.29.0 want: ^2.2.3
255 silly placeDep ROOT semver@6.3.1 OK for: @babel/core@7.29.0 want: ^6.3.1
256 silly fetch manifest js-tokens@^4.0.0
257 silly packumentCache full:https://registry.npmjs.org/js-tokens cache-miss
258 silly fetch manifest picocolors@^1.1.1
259 silly packumentCache full:https://registry.npmjs.org/picocolors cache-miss
260 silly fetch manifest @babel/helper-validator-identifier@^7.28.5
261 silly packumentCache full:https://registry.npmjs.org/@babel%2fhelper-validator-identifier cache-miss
262 silly fetch manifest jsesc@^3.0.2
263 silly packumentCache full:https://registry.npmjs.org/jsesc cache-miss
264 silly fetch manifest @jridgewell/gen-mapping@^0.3.12
265 silly packumentCache full:https://registry.npmjs.org/@jridgewell%2fgen-mapping cache-miss
266 silly fetch manifest @jridgewell/trace-mapping@^0.3.28
267 silly packumentCache full:https://registry.npmjs.org/@jridgewell%2ftrace-mapping cache-miss
268 silly fetch manifest lru-cache@^5.1.1
269 silly packumentCache full:https://registry.npmjs.org/lru-cache cache-miss
270 silly fetch manifest browserslist@^4.24.0
271 silly packumentCache full:https://registry.npmjs.org/browserslist cache-miss
272 silly fetch manifest @babel/compat-data@^7.28.6
273 silly packumentCache full:https://registry.npmjs.org/@babel%2fcompat-data cache-miss
274 silly fetch manifest @babel/helper-validator-option@^7.27.1
275 silly packumentCache full:https://registry.npmjs.org/@babel%2fhelper-validator-option cache-miss
276 silly fetch manifest @babel/traverse@^7.28.6
277 silly packumentCache full:https://registry.npmjs.org/@babel%2ftraverse cache-miss
278 http cache https://registry.npmjs.org/@babel%2ftraverse 54ms (cache hit)
279 silly packumentCache full:https://registry.npmjs.org/@babel%2ftraverse set size:550946 disposed:false
280 silly fetch manifest @babel/helper-module-imports@^7.28.6
281 silly packumentCache full:https://registry.npmjs.org/@babel%2fhelper-module-imports cache-miss
282 http fetch GET 200 https://registry.npmjs.org/picocolors 119ms (cache miss)
283 silly packumentCache full:https://registry.npmjs.org/picocolors set size:undefined disposed:false
284 silly fetch manifest @babel/helper-validator-identifier@^7.28.5
285 silly packumentCache full:https://registry.npmjs.org/@babel%2fhelper-validator-identifier cache-miss
286 http fetch GET 200 https://registry.npmjs.org/jsesc 132ms (cache miss)
287 silly packumentCache full:https://registry.npmjs.org/jsesc set size:undefined disposed:false
288 silly fetch manifest @babel/types@^7.28.6
289 silly packumentCache full:https://registry.npmjs.org/@babel%2ftypes cache-hit
290 silly fetch manifest debug@^4.3.1
291 silly packumentCache full:https://registry.npmjs.org/debug cache-miss
292 http fetch GET 200 https://registry.npmjs.org/@babel%2fhelper-validator-identifier 198ms (cache miss)
293 silly packumentCache full:https://registry.npmjs.org/@babel%2fhelper-validator-identifier set size:undefined disposed:false
294 silly fetch manifest @babel/helper-globals@^7.28.0
295 silly packumentCache full:https://registry.npmjs.org/@babel%2fhelper-globals cache-miss
296 http cache https://registry.npmjs.org/debug 103ms (cache hit)
297 silly packumentCache full:https://registry.npmjs.org/debug set size:195840 disposed:false
298 silly fetch manifest @babel/helper-string-parser@^7.27.1
299 silly packumentCache full:https://registry.npmjs.org/@babel%2fhelper-string-parser cache-miss
300 http fetch GET 200 https://registry.npmjs.org/@jridgewell%2fgen-mapping 255ms (cache miss)
301 silly packumentCache full:https://registry.npmjs.org/@jridgewell%2fgen-mapping set size:undefined disposed:false
302 silly fetch manifest @jridgewell/gen-mapping@^0.3.5
303 silly packumentCache full:https://registry.npmjs.org/@jridgewell%2fgen-mapping cache-miss
304 http fetch GET 200 https://registry.npmjs.org/@babel%2fhelper-validator-option 264ms (cache miss)
305 silly packumentCache full:https://registry.npmjs.org/@babel%2fhelper-validator-option set size:undefined disposed:false
306 silly fetch manifest @jridgewell/trace-mapping@^0.3.24
307 silly packumentCache full:https://registry.npmjs.org/@jridgewell%2ftrace-mapping cache-miss
308 http fetch GET 200 https://registry.npmjs.org/lru-cache 287ms (cache miss)
309 silly packumentCache full:https://registry.npmjs.org/lru-cache set size:undefined disposed:false
310 silly fetch manifest ms@^2.1.3
311 silly packumentCache full:https://registry.npmjs.org/ms cache-miss
312 http fetch GET 200 https://registry.npmjs.org/@babel%2fhelper-validator-identifier 193ms (cache miss)
313 silly packumentCache full:https://registry.npmjs.org/@babel%2fhelper-validator-identifier set size:undefined disposed:false
314 http fetch GET 200 https://registry.npmjs.org/@jridgewell%2ftrace-mapping 319ms (cache miss)
315 silly packumentCache full:https://registry.npmjs.org/@jridgewell%2ftrace-mapping set size:undefined disposed:false
316 http fetch GET 200 https://registry.npmjs.org/@babel%2fhelper-module-imports 257ms (cache miss)
317 silly packumentCache full:https://registry.npmjs.org/@babel%2fhelper-module-imports set size:undefined disposed:false
318 http fetch GET 200 https://registry.npmjs.org/@babel%2fcompat-data 338ms (cache miss)
319 silly packumentCache full:https://registry.npmjs.org/@babel%2fcompat-data set size:undefined disposed:false
320 http cache https://registry.npmjs.org/@jridgewell%2fgen-mapping 87ms (cache hit)
321 silly packumentCache full:https://registry.npmjs.org/@jridgewell%2fgen-mapping set size:80719 disposed:false
322 http fetch GET 200 https://registry.npmjs.org/@babel%2fhelper-globals 156ms (cache miss)
323 silly packumentCache full:https://registry.npmjs.org/@babel%2fhelper-globals set size:undefined disposed:false
324 http fetch GET 200 https://registry.npmjs.org/browserslist 357ms (cache miss)
325 silly packumentCache full:https://registry.npmjs.org/browserslist set size:undefined disposed:false
326 http fetch GET 200 https://registry.npmjs.org/js-tokens 375ms (cache miss)
327 silly packumentCache full:https://registry.npmjs.org/js-tokens set size:undefined disposed:false
328 http fetch GET 200 https://registry.npmjs.org/@babel%2fhelper-string-parser 131ms (cache miss)
329 silly packumentCache full:https://registry.npmjs.org/@babel%2fhelper-string-parser set size:undefined disposed:false
330 http fetch GET 200 https://registry.npmjs.org/@jridgewell%2ftrace-mapping 130ms (cache miss)
331 silly packumentCache full:https://registry.npmjs.org/@jridgewell%2ftrace-mapping set size:undefined disposed:false
332 http fetch GET 200 https://registry.npmjs.org/ms 110ms (cache miss)
333 silly packumentCache full:https://registry.npmjs.org/ms set size:undefined disposed:false
334 silly placeDep ROOT @babel/helper-validator-identifier@7.28.5 OK for: @babel/code-frame@7.29.0 want: ^7.28.5
335 silly placeDep ROOT js-tokens@4.0.0 OK for: @babel/code-frame@7.29.0 want: ^4.0.0
336 silly placeDep ROOT picocolors@1.1.1 OK for: @babel/code-frame@7.29.0 want: ^1.1.1
337 silly placeDep ROOT @jridgewell/gen-mapping@0.3.13 OK for: @babel/generator@7.29.1 want: ^0.3.12
338 silly placeDep ROOT @jridgewell/trace-mapping@0.3.31 OK for: @babel/generator@7.29.1 want: ^0.3.28
339 silly placeDep ROOT jsesc@3.1.0 OK for: @babel/generator@7.29.1 want: ^3.0.2
340 silly fetch manifest @jridgewell/sourcemap-codec@^1.5.0
341 silly packumentCache full:https://registry.npmjs.org/@jridgewell%2fsourcemap-codec cache-miss
342 silly fetch manifest @jridgewell/resolve-uri@^3.1.0
343 silly packumentCache full:https://registry.npmjs.org/@jridgewell%2fresolve-uri cache-miss
344 silly fetch manifest @jridgewell/sourcemap-codec@^1.4.14
345 silly packumentCache full:https://registry.npmjs.org/@jridgewell%2fsourcemap-codec cache-miss
346 http fetch GET 200 https://registry.npmjs.org/@jridgewell%2fsourcemap-codec 108ms (cache miss)
347 silly packumentCache full:https://registry.npmjs.org/@jridgewell%2fsourcemap-codec set size:undefined disposed:false
348 http fetch GET 200 https://registry.npmjs.org/@jridgewell%2fsourcemap-codec 113ms (cache miss)
349 silly packumentCache full:https://registry.npmjs.org/@jridgewell%2fsourcemap-codec set size:undefined disposed:false
350 http fetch GET 200 https://registry.npmjs.org/@jridgewell%2fresolve-uri 115ms (cache miss)
351 silly packumentCache full:https://registry.npmjs.org/@jridgewell%2fresolve-uri set size:undefined disposed:false
352 silly placeDep ROOT @babel/compat-data@7.29.3 OK for: @babel/helper-compilation-targets@7.28.6 want: ^7.28.6
353 silly placeDep ROOT @babel/helper-validator-option@7.27.1 OK for: @babel/helper-compilation-targets@7.28.6 want: ^7.27.1
354 silly placeDep ROOT browserslist@4.28.2 OK for: @babel/helper-compilation-targets@7.28.6 want: ^4.24.0
355 silly placeDep ROOT lru-cache@5.1.1 OK for: @babel/helper-compilation-targets@7.28.6 want: ^5.1.1
356 silly fetch manifest baseline-browser-mapping@^2.10.12
357 silly packumentCache full:https://registry.npmjs.org/baseline-browser-mapping cache-miss
358 silly fetch manifest caniuse-lite@^1.0.30001782
359 silly packumentCache full:https://registry.npmjs.org/caniuse-lite cache-miss
360 silly fetch manifest electron-to-chromium@^1.5.328
361 silly packumentCache full:https://registry.npmjs.org/electron-to-chromium cache-miss
362 silly fetch manifest node-releases@^2.0.36
363 silly packumentCache full:https://registry.npmjs.org/node-releases cache-miss
364 silly fetch manifest update-browserslist-db@^1.2.3
365 silly packumentCache full:https://registry.npmjs.org/update-browserslist-db cache-miss
366 silly fetch manifest yallist@^3.0.2
367 silly packumentCache full:https://registry.npmjs.org/yallist cache-miss
368 http fetch GET 200 https://registry.npmjs.org/yallist 97ms (cache miss)
369 silly packumentCache full:https://registry.npmjs.org/yallist set size:undefined disposed:false
370 http fetch GET 200 https://registry.npmjs.org/update-browserslist-db 120ms (cache miss)
371 silly packumentCache full:https://registry.npmjs.org/update-browserslist-db set size:undefined disposed:false
372 http fetch GET 200 https://registry.npmjs.org/node-releases 155ms (cache miss)
373 silly packumentCache full:https://registry.npmjs.org/node-releases set size:undefined disposed:false
374 http fetch GET 200 https://registry.npmjs.org/baseline-browser-mapping 178ms (cache miss)
375 silly packumentCache full:https://registry.npmjs.org/baseline-browser-mapping set size:undefined disposed:false
376 http fetch GET 200 https://registry.npmjs.org/caniuse-lite 406ms (cache miss)
377 silly packumentCache full:https://registry.npmjs.org/caniuse-lite set size:undefined disposed:false
378 http fetch GET 200 https://registry.npmjs.org/electron-to-chromium 517ms (cache miss)
379 silly packumentCache full:https://registry.npmjs.org/electron-to-chromium set size:undefined disposed:false
380 silly placeDep ROOT @babel/helper-module-imports@7.28.6 OK for: @babel/helper-module-transforms@7.28.6 want: ^7.28.6
381 silly placeDep ROOT @babel/helper-plugin-utils@7.28.6 OK for: @babel/plugin-transform-react-jsx-self@7.27.1 want: ^7.27.1
382 silly placeDep ROOT @babel/helper-globals@7.28.0 OK for: @babel/traverse@7.29.0 want: ^7.28.0
383 silly placeDep ROOT @babel/helper-string-parser@7.27.1 OK for: @babel/types@7.29.0 want: ^7.27.1
384 silly placeDep ROOT @jridgewell/sourcemap-codec@1.5.5 OK for: @jridgewell/gen-mapping@0.3.13 want: ^1.5.0
385 silly placeDep ROOT @jridgewell/resolve-uri@3.1.2 OK for: @jridgewell/trace-mapping@0.3.31 want: ^3.1.0
386 silly placeDep ROOT @types/babel__generator@7.27.0 OK for: @types/babel__core@7.20.5 want: *
387 silly placeDep ROOT @types/babel__template@7.4.4 OK for: @types/babel__core@7.20.5 want: *
388 silly placeDep ROOT @types/babel__traverse@7.28.0 OK for: @types/babel__core@7.20.5 want: *
389 silly fetch manifest browserslist@>= 4.21.0
390 silly packumentCache full:https://registry.npmjs.org/browserslist cache-miss
391 http cache https://registry.npmjs.org/browserslist 16ms (cache hit)
392 silly packumentCache full:https://registry.npmjs.org/browserslist set size:504681 disposed:false
393 silly placeDep ROOT baseline-browser-mapping@2.10.27 OK for: browserslist@4.28.2 want: ^2.10.12
394 silly placeDep ROOT caniuse-lite@1.0.30001792 OK for: browserslist@4.28.2 want: ^1.0.30001782
395 silly placeDep ROOT electron-to-chromium@1.5.352 OK for: browserslist@4.28.2 want: ^1.5.328
396 silly placeDep ROOT node-releases@2.0.38 OK for: browserslist@4.28.2 want: ^2.0.36
397 silly placeDep ROOT update-browserslist-db@1.2.3 OK for: browserslist@4.28.2 want: ^1.2.3
398 silly fetch manifest escalade@^3.2.0
399 silly packumentCache full:https://registry.npmjs.org/escalade cache-miss
400 http fetch GET 200 https://registry.npmjs.org/escalade 98ms (cache miss)
401 silly packumentCache full:https://registry.npmjs.org/escalade set size:undefined disposed:false
402 silly placeDep ROOT ms@2.1.3 OK for: debug@4.4.3 want: ^2.1.3
403 silly placeDep ROOT yallist@3.1.1 OK for: lru-cache@5.1.1 want: ^3.0.2
404 silly placeDep ROOT loose-envify@1.4.0 OK for: react@18.3.1 want: ^1.1.0
405 silly placeDep ROOT scheduler@0.23.2 OK for: react-dom@18.3.1 want: ^0.23.2
406 silly placeDep ROOT escalade@3.2.0 OK for: update-browserslist-db@1.2.3 want: ^3.2.0
407 silly placeDep ROOT esbuild@0.27.7 OK for: vite@7.3.3 want: ^0.27.0
408 silly placeDep ROOT fdir@6.5.0 OK for: vite@7.3.3 want: ^6.5.0
409 silly placeDep ROOT fsevents@2.3.3 OK for: vite@7.3.3 want: ~2.3.3
410 silly placeDep ROOT picomatch@4.0.4 OK for: vite@7.3.3 want: ^4.0.3
411 silly placeDep ROOT postcss@8.5.14 OK for: vite@7.3.3 want: ^8.5.6
412 silly placeDep ROOT rollup@4.60.3 OK for: vite@7.3.3 want: ^4.43.0
413 silly placeDep ROOT tinyglobby@0.2.16 OK for: vite@7.3.3 want: ^0.2.15
414 silly fetch manifest @esbuild/aix-ppc64@0.27.7
415 silly packumentCache full:https://registry.npmjs.org/@esbuild%2faix-ppc64 cache-miss
416 silly fetch manifest @esbuild/linux-arm@0.27.7
417 silly packumentCache full:https://registry.npmjs.org/@esbuild%2flinux-arm cache-miss
418 silly fetch manifest @esbuild/linux-x64@0.27.7
419 silly packumentCache full:https://registry.npmjs.org/@esbuild%2flinux-x64 cache-miss
420 silly fetch manifest @esbuild/sunos-x64@0.27.7
421 silly packumentCache full:https://registry.npmjs.org/@esbuild%2fsunos-x64 cache-miss
422 silly fetch manifest @esbuild/win32-x64@0.27.7
423 silly packumentCache full:https://registry.npmjs.org/@esbuild%2fwin32-x64 cache-miss
424 silly fetch manifest @esbuild/darwin-x64@0.27.7
425 silly packumentCache full:https://registry.npmjs.org/@esbuild%2fdarwin-x64 cache-miss
426 silly fetch manifest @esbuild/linux-ia32@0.27.7
427 silly packumentCache full:https://registry.npmjs.org/@esbuild%2flinux-ia32 cache-miss
428 silly fetch manifest @esbuild/netbsd-x64@0.27.7
429 silly packumentCache full:https://registry.npmjs.org/@esbuild%2fnetbsd-x64 cache-miss
430 silly fetch manifest @esbuild/win32-ia32@0.27.7
431 silly packumentCache full:https://registry.npmjs.org/@esbuild%2fwin32-ia32 cache-miss
432 silly fetch manifest @esbuild/android-arm@0.27.7
433 silly packumentCache full:https://registry.npmjs.org/@esbuild%2fandroid-arm cache-miss
434 silly fetch manifest @esbuild/android-x64@0.27.7
435 silly packumentCache full:https://registry.npmjs.org/@esbuild%2fandroid-x64 cache-miss
436 http fetch GET 200 https://registry.npmjs.org/@esbuild%2fwin32-ia32 140ms (cache miss)
437 silly packumentCache full:https://registry.npmjs.org/@esbuild%2fwin32-ia32 set size:undefined disposed:false
438 silly fetch manifest @esbuild/freebsd-x64@0.27.7
439 silly packumentCache full:https://registry.npmjs.org/@esbuild%2ffreebsd-x64 cache-miss
440 http fetch GET 200 https://registry.npmjs.org/@esbuild%2fwin32-x64 185ms (cache miss)
441 silly packumentCache full:https://registry.npmjs.org/@esbuild%2fwin32-x64 set size:undefined disposed:false
442 silly fetch manifest @esbuild/linux-arm64@0.27.7
443 silly packumentCache full:https://registry.npmjs.org/@esbuild%2flinux-arm64 cache-miss
444 http fetch GET 200 https://registry.npmjs.org/@esbuild%2faix-ppc64 229ms (cache miss)
445 silly packumentCache full:https://registry.npmjs.org/@esbuild%2faix-ppc64 set size:undefined disposed:false
446 silly fetch manifest @esbuild/linux-ppc64@0.27.7
447 silly packumentCache full:https://registry.npmjs.org/@esbuild%2flinux-ppc64 cache-miss
448 http fetch GET 200 https://registry.npmjs.org/@esbuild%2fnetbsd-x64 234ms (cache miss)
449 silly packumentCache full:https://registry.npmjs.org/@esbuild%2fnetbsd-x64 set size:undefined disposed:false
450 silly fetch manifest @esbuild/linux-s390x@0.27.7
451 silly packumentCache full:https://registry.npmjs.org/@esbuild%2flinux-s390x cache-miss
452 http fetch GET 200 https://registry.npmjs.org/@esbuild%2flinux-arm 250ms (cache miss)
453 silly packumentCache full:https://registry.npmjs.org/@esbuild%2flinux-arm set size:undefined disposed:false
454 silly fetch manifest @esbuild/openbsd-x64@0.27.7
455 silly packumentCache full:https://registry.npmjs.org/@esbuild%2fopenbsd-x64 cache-miss
456 http fetch GET 200 https://registry.npmjs.org/@esbuild%2fandroid-arm 258ms (cache miss)
457 silly packumentCache full:https://registry.npmjs.org/@esbuild%2fandroid-arm set size:undefined disposed:false
458 silly fetch manifest @esbuild/win32-arm64@0.27.7
459 silly packumentCache full:https://registry.npmjs.org/@esbuild%2fwin32-arm64 cache-miss
460 http fetch GET 200 https://registry.npmjs.org/@esbuild%2flinux-x64 268ms (cache miss)
461 silly packumentCache full:https://registry.npmjs.org/@esbuild%2flinux-x64 set size:undefined disposed:false
462 silly fetch manifest @esbuild/darwin-arm64@0.27.7
463 silly packumentCache full:https://registry.npmjs.org/@esbuild%2fdarwin-arm64 cache-miss
464 http fetch GET 200 https://registry.npmjs.org/@esbuild%2fsunos-x64 283ms (cache miss)
465 silly packumentCache full:https://registry.npmjs.org/@esbuild%2fsunos-x64 set size:undefined disposed:false
466 silly fetch manifest @esbuild/netbsd-arm64@0.27.7
467 silly packumentCache full:https://registry.npmjs.org/@esbuild%2fnetbsd-arm64 cache-miss
468 http fetch GET 200 https://registry.npmjs.org/@esbuild%2fandroid-x64 287ms (cache miss)
469 silly packumentCache full:https://registry.npmjs.org/@esbuild%2fandroid-x64 set size:undefined disposed:false
470 silly fetch manifest @esbuild/android-arm64@0.27.7
471 silly packumentCache full:https://registry.npmjs.org/@esbuild%2fandroid-arm64 cache-miss
472 http fetch GET 200 https://registry.npmjs.org/@esbuild%2fdarwin-x64 298ms (cache miss)
473 silly packumentCache full:https://registry.npmjs.org/@esbuild%2fdarwin-x64 set size:undefined disposed:false
474 silly fetch manifest @esbuild/freebsd-arm64@0.27.7
475 silly packumentCache full:https://registry.npmjs.org/@esbuild%2ffreebsd-arm64 cache-miss
476 http fetch GET 200 https://registry.npmjs.org/@esbuild%2flinux-ia32 309ms (cache miss)
477 silly packumentCache full:https://registry.npmjs.org/@esbuild%2flinux-ia32 set size:undefined disposed:false
478 silly fetch manifest @esbuild/linux-loong64@0.27.7
479 silly packumentCache full:https://registry.npmjs.org/@esbuild%2flinux-loong64 cache-miss
480 http fetch GET 200 https://registry.npmjs.org/@esbuild%2ffreebsd-x64 184ms (cache miss)
481 silly packumentCache full:https://registry.npmjs.org/@esbuild%2ffreebsd-x64 set size:undefined disposed:false
482 silly fetch manifest @esbuild/linux-riscv64@0.27.7
483 silly packumentCache full:https://registry.npmjs.org/@esbuild%2flinux-riscv64 cache-miss
484 http fetch GET 200 https://registry.npmjs.org/@esbuild%2flinux-ppc64 134ms (cache miss)
485 silly packumentCache full:https://registry.npmjs.org/@esbuild%2flinux-ppc64 set size:undefined disposed:false
486 silly fetch manifest @esbuild/openbsd-arm64@0.27.7
487 silly packumentCache full:https://registry.npmjs.org/@esbuild%2fopenbsd-arm64 cache-miss
488 http fetch GET 200 https://registry.npmjs.org/@esbuild%2flinux-s390x 143ms (cache miss)
489 silly packumentCache full:https://registry.npmjs.org/@esbuild%2flinux-s390x set size:undefined disposed:false
490 silly fetch manifest @esbuild/linux-mips64el@0.27.7
491 silly packumentCache full:https://registry.npmjs.org/@esbuild%2flinux-mips64el cache-miss
492 http fetch GET 200 https://registry.npmjs.org/@esbuild%2fdarwin-arm64 173ms (cache miss)
493 silly packumentCache full:https://registry.npmjs.org/@esbuild%2fdarwin-arm64 set size:undefined disposed:false
494 silly fetch manifest @esbuild/openharmony-arm64@0.27.7
495 silly packumentCache full:https://registry.npmjs.org/@esbuild%2fopenharmony-arm64 cache-miss
496 http fetch GET 200 https://registry.npmjs.org/@esbuild%2fopenbsd-x64 204ms (cache miss)
497 silly packumentCache full:https://registry.npmjs.org/@esbuild%2fopenbsd-x64 set size:undefined disposed:false
498 silly fetch manifest nanoid@^3.3.11
499 silly packumentCache full:https://registry.npmjs.org/nanoid cache-miss
500 http fetch GET 200 https://registry.npmjs.org/@esbuild%2fwin32-arm64 196ms (cache miss)
501 silly packumentCache full:https://registry.npmjs.org/@esbuild%2fwin32-arm64 set size:undefined disposed:false
502 silly fetch manifest source-map-js@^1.2.1
503 silly packumentCache full:https://registry.npmjs.org/source-map-js cache-miss
504 http fetch GET 200 https://registry.npmjs.org/@esbuild%2fandroid-arm64 203ms (cache miss)
505 silly packumentCache full:https://registry.npmjs.org/@esbuild%2fandroid-arm64 set size:undefined disposed:false
506 silly fetch manifest @types/estree@1.0.8
507 silly packumentCache full:https://registry.npmjs.org/@types%2festree cache-miss
508 http fetch GET 200 https://registry.npmjs.org/@esbuild%2ffreebsd-arm64 210ms (cache miss)
509 silly packumentCache full:https://registry.npmjs.org/@esbuild%2ffreebsd-arm64 set size:undefined disposed:false
510 silly fetch manifest @rollup/rollup-darwin-arm64@4.60.3
511 silly packumentCache full:https://registry.npmjs.org/@rollup%2frollup-darwin-arm64 cache-miss
512 http fetch GET 200 https://registry.npmjs.org/@esbuild%2flinux-riscv64 184ms (cache miss)
513 silly packumentCache full:https://registry.npmjs.org/@esbuild%2flinux-riscv64 set size:undefined disposed:false
514 silly fetch manifest @rollup/rollup-android-arm64@4.60.3
515 silly packumentCache full:https://registry.npmjs.org/@rollup%2frollup-android-arm64 cache-miss
516 http fetch GET 200 https://registry.npmjs.org/@esbuild%2flinux-loong64 220ms (cache miss)
517 silly packumentCache full:https://registry.npmjs.org/@esbuild%2flinux-loong64 set size:undefined disposed:false
518 silly fetch manifest @rollup/rollup-win32-arm64-msvc@4.60.3
519 silly packumentCache full:https://registry.npmjs.org/@rollup%2frollup-win32-arm64-msvc cache-miss
520 http fetch GET 200 https://registry.npmjs.org/@esbuild%2fopenbsd-arm64 182ms (cache miss)
521 silly packumentCache full:https://registry.npmjs.org/@esbuild%2fopenbsd-arm64 set size:undefined disposed:false
522 silly fetch manifest @rollup/rollup-freebsd-arm64@4.60.3
523 silly packumentCache full:https://registry.npmjs.org/@rollup%2frollup-freebsd-arm64 cache-miss
524 http fetch GET 200 https://registry.npmjs.org/@esbuild%2flinux-mips64el 182ms (cache miss)
525 silly packumentCache full:https://registry.npmjs.org/@esbuild%2flinux-mips64el set size:undefined disposed:false
526 silly fetch manifest @rollup/rollup-linux-arm64-gnu@4.60.3
527 silly packumentCache full:https://registry.npmjs.org/@rollup%2frollup-linux-arm64-gnu cache-miss
528 http fetch GET 200 https://registry.npmjs.org/source-map-js 135ms (cache miss)
529 silly packumentCache full:https://registry.npmjs.org/source-map-js set size:undefined disposed:false
530 silly fetch manifest @rollup/rollup-linux-arm64-musl@4.60.3
531 silly packumentCache full:https://registry.npmjs.org/@rollup%2frollup-linux-arm64-musl cache-miss
532 http fetch GET 200 https://registry.npmjs.org/@esbuild%2flinux-arm64 422ms (cache miss)
533 silly packumentCache full:https://registry.npmjs.org/@esbuild%2flinux-arm64 set size:undefined disposed:false
534 silly fetch manifest @rollup/rollup-android-arm-eabi@4.60.3
535 silly packumentCache full:https://registry.npmjs.org/@rollup%2frollup-android-arm-eabi cache-miss
536 http fetch GET 200 https://registry.npmjs.org/@esbuild%2fopenharmony-arm64 196ms (cache miss)
537 silly packumentCache full:https://registry.npmjs.org/@esbuild%2fopenharmony-arm64 set size:undefined disposed:false
538 silly fetch manifest @rollup/rollup-linux-arm-gnueabihf@4.60.3
539 silly packumentCache full:https://registry.npmjs.org/@rollup%2frollup-linux-arm-gnueabihf cache-miss
540 http fetch GET 200 https://registry.npmjs.org/nanoid 215ms (cache miss)
541 silly packumentCache full:https://registry.npmjs.org/nanoid set size:undefined disposed:false
542 silly fetch manifest @rollup/rollup-linux-arm-musleabihf@4.60.3
543 silly packumentCache full:https://registry.npmjs.org/@rollup%2frollup-linux-arm-musleabihf cache-miss
544 http fetch GET 200 https://registry.npmjs.org/@types%2festree 209ms (cache miss)
545 silly packumentCache full:https://registry.npmjs.org/@types%2festree set size:undefined disposed:false
546 silly fetch manifest @rollup/rollup-win32-ia32-msvc@4.60.3
547 silly packumentCache full:https://registry.npmjs.org/@rollup%2frollup-win32-ia32-msvc cache-miss
548 http fetch GET 200 https://registry.npmjs.org/@esbuild%2fnetbsd-arm64 434ms (cache miss)
549 silly packumentCache full:https://registry.npmjs.org/@esbuild%2fnetbsd-arm64 set size:undefined disposed:false
550 silly fetch manifest @rollup/rollup-linux-loong64-gnu@4.60.3
551 silly packumentCache full:https://registry.npmjs.org/@rollup%2frollup-linux-loong64-gnu cache-miss
552 http fetch GET 200 https://registry.npmjs.org/@rollup%2frollup-android-arm64 236ms (cache miss)
553 silly packumentCache full:https://registry.npmjs.org/@rollup%2frollup-android-arm64 set size:undefined disposed:false
554 silly fetch manifest @rollup/rollup-linux-loong64-musl@4.60.3
555 silly packumentCache full:https://registry.npmjs.org/@rollup%2frollup-linux-loong64-musl cache-miss
556 http fetch GET 200 https://registry.npmjs.org/@rollup%2frollup-darwin-arm64 265ms (cache miss)
557 silly packumentCache full:https://registry.npmjs.org/@rollup%2frollup-darwin-arm64 set size:undefined disposed:false
558 silly fetch manifest @rollup/rollup-linux-riscv64-gnu@4.60.3
559 silly packumentCache full:https://registry.npmjs.org/@rollup%2frollup-linux-riscv64-gnu cache-miss
560 http fetch GET 200 https://registry.npmjs.org/@rollup%2frollup-win32-arm64-msvc 259ms (cache miss)
561 silly packumentCache full:https://registry.npmjs.org/@rollup%2frollup-win32-arm64-msvc set size:undefined disposed:false
562 silly fetch manifest @rollup/rollup-linux-riscv64-musl@4.60.3
563 silly packumentCache full:https://registry.npmjs.org/@rollup%2frollup-linux-riscv64-musl cache-miss
564 http fetch GET 200 https://registry.npmjs.org/@rollup%2frollup-linux-arm64-gnu 266ms (cache miss)
565 silly packumentCache full:https://registry.npmjs.org/@rollup%2frollup-linux-arm64-gnu set size:undefined disposed:false
566 silly fetch manifest @rollup/rollup-linux-ppc64-gnu@4.60.3
567 silly packumentCache full:https://registry.npmjs.org/@rollup%2frollup-linux-ppc64-gnu cache-miss
568 http fetch GET 200 https://registry.npmjs.org/@rollup%2frollup-android-arm-eabi 247ms (cache miss)
569 silly packumentCache full:https://registry.npmjs.org/@rollup%2frollup-android-arm-eabi set size:undefined disposed:false
570 silly fetch manifest @rollup/rollup-linux-ppc64-musl@4.60.3
571 silly packumentCache full:https://registry.npmjs.org/@rollup%2frollup-linux-ppc64-musl cache-miss
572 http fetch GET 200 https://registry.npmjs.org/@rollup%2frollup-linux-arm64-musl 268ms (cache miss)
573 silly packumentCache full:https://registry.npmjs.org/@rollup%2frollup-linux-arm64-musl set size:undefined disposed:false
574 silly fetch manifest @rollup/rollup-linux-s390x-gnu@4.60.3
575 silly packumentCache full:https://registry.npmjs.org/@rollup%2frollup-linux-s390x-gnu cache-miss
576 http fetch GET 200 https://registry.npmjs.org/@rollup%2frollup-linux-arm-gnueabihf 243ms (cache miss)
577 silly packumentCache full:https://registry.npmjs.org/@rollup%2frollup-linux-arm-gnueabihf set size:undefined disposed:false
578 silly fetch manifest @rollup/rollup-darwin-x64@4.60.3
579 silly packumentCache full:https://registry.npmjs.org/@rollup%2frollup-darwin-x64 cache-miss
580 http fetch GET 200 https://registry.npmjs.org/@rollup%2frollup-freebsd-arm64 355ms (cache miss)
581 silly packumentCache full:https://registry.npmjs.org/@rollup%2frollup-freebsd-arm64 set size:undefined disposed:false
582 silly fetch manifest @rollup/rollup-win32-x64-gnu@4.60.3
583 silly packumentCache full:https://registry.npmjs.org/@rollup%2frollup-win32-x64-gnu cache-miss
584 http fetch GET 200 https://registry.npmjs.org/@rollup%2frollup-linux-arm-musleabihf 229ms (cache miss)
585 silly packumentCache full:https://registry.npmjs.org/@rollup%2frollup-linux-arm-musleabihf set size:undefined disposed:false
586 silly fetch manifest @rollup/rollup-win32-x64-msvc@4.60.3
587 silly packumentCache full:https://registry.npmjs.org/@rollup%2frollup-win32-x64-msvc cache-miss
588 http fetch GET 200 https://registry.npmjs.org/@rollup%2frollup-win32-ia32-msvc 215ms (cache miss)
589 silly packumentCache full:https://registry.npmjs.org/@rollup%2frollup-win32-ia32-msvc set size:undefined disposed:false
590 silly fetch manifest @rollup/rollup-freebsd-x64@4.60.3
591 silly packumentCache full:https://registry.npmjs.org/@rollup%2frollup-freebsd-x64 cache-miss
592 http fetch GET 200 https://registry.npmjs.org/@rollup%2frollup-linux-riscv64-musl 130ms (cache miss)
593 silly packumentCache full:https://registry.npmjs.org/@rollup%2frollup-linux-riscv64-musl set size:undefined disposed:false
594 silly fetch manifest @rollup/rollup-linux-x64-gnu@4.60.3
595 silly packumentCache full:https://registry.npmjs.org/@rollup%2frollup-linux-x64-gnu cache-miss
596 http fetch GET 200 https://registry.npmjs.org/@rollup%2frollup-linux-ppc64-gnu 125ms (cache miss)
597 silly packumentCache full:https://registry.npmjs.org/@rollup%2frollup-linux-ppc64-gnu set size:undefined disposed:false
598 silly fetch manifest @rollup/rollup-linux-x64-musl@4.60.3
599 silly packumentCache full:https://registry.npmjs.org/@rollup%2frollup-linux-x64-musl cache-miss
600 http fetch GET 200 https://registry.npmjs.org/@rollup%2frollup-linux-ppc64-musl 142ms (cache miss)
601 silly packumentCache full:https://registry.npmjs.org/@rollup%2frollup-linux-ppc64-musl set size:undefined disposed:false
602 silly fetch manifest @rollup/rollup-openbsd-x64@4.60.3
603 silly packumentCache full:https://registry.npmjs.org/@rollup%2frollup-openbsd-x64 cache-miss
604 http fetch GET 200 https://registry.npmjs.org/@rollup%2frollup-linux-s390x-gnu 158ms (cache miss)
605 silly packumentCache full:https://registry.npmjs.org/@rollup%2frollup-linux-s390x-gnu set size:undefined disposed:false
606 silly fetch manifest @rollup/rollup-openharmony-arm64@4.60.3
607 silly packumentCache full:https://registry.npmjs.org/@rollup%2frollup-openharmony-arm64 cache-miss
608 http fetch GET 200 https://registry.npmjs.org/@rollup%2frollup-darwin-x64 156ms (cache miss)
609 silly packumentCache full:https://registry.npmjs.org/@rollup%2frollup-darwin-x64 set size:undefined disposed:false
610 http fetch GET 200 https://registry.npmjs.org/@rollup%2frollup-linux-loong64-gnu 368ms (cache miss)
611 silly packumentCache full:https://registry.npmjs.org/@rollup%2frollup-linux-loong64-gnu set size:undefined disposed:false
612 http fetch GET 200 https://registry.npmjs.org/@rollup%2frollup-win32-x64-gnu 228ms (cache miss)
613 silly packumentCache full:https://registry.npmjs.org/@rollup%2frollup-win32-x64-gnu set size:undefined disposed:false
614 http fetch GET 200 https://registry.npmjs.org/@rollup%2frollup-freebsd-x64 214ms (cache miss)
615 silly packumentCache full:https://registry.npmjs.org/@rollup%2frollup-freebsd-x64 set size:undefined disposed:false
616 http fetch GET 200 https://registry.npmjs.org/@rollup%2frollup-linux-loong64-musl 393ms (cache miss)
617 silly packumentCache full:https://registry.npmjs.org/@rollup%2frollup-linux-loong64-musl set size:undefined disposed:false
618 http fetch GET 200 https://registry.npmjs.org/@rollup%2frollup-openbsd-x64 155ms (cache miss)
619 silly packumentCache full:https://registry.npmjs.org/@rollup%2frollup-openbsd-x64 set size:undefined disposed:false
620 http fetch GET 200 https://registry.npmjs.org/@rollup%2frollup-linux-riscv64-gnu 409ms (cache miss)
621 silly packumentCache full:https://registry.npmjs.org/@rollup%2frollup-linux-riscv64-gnu set size:undefined disposed:false
622 http fetch GET 200 https://registry.npmjs.org/@rollup%2frollup-win32-x64-msvc 291ms (cache miss)
623 silly packumentCache full:https://registry.npmjs.org/@rollup%2frollup-win32-x64-msvc set size:undefined disposed:false
624 http fetch GET 200 https://registry.npmjs.org/@rollup%2frollup-openharmony-arm64 174ms (cache miss)
625 silly packumentCache full:https://registry.npmjs.org/@rollup%2frollup-openharmony-arm64 set size:undefined disposed:false
626 http fetch GET 200 https://registry.npmjs.org/@rollup%2frollup-linux-x64-gnu 268ms (cache miss)
627 silly packumentCache full:https://registry.npmjs.org/@rollup%2frollup-linux-x64-gnu set size:undefined disposed:false
628 http fetch GET 200 https://registry.npmjs.org/@rollup%2frollup-linux-x64-musl 262ms (cache miss)
629 silly packumentCache full:https://registry.npmjs.org/@rollup%2frollup-linux-x64-musl set size:undefined disposed:false
630 silly placeDep ROOT @esbuild/aix-ppc64@0.27.7 OK for: esbuild@0.27.7 want: 0.27.7
631 silly placeDep ROOT @esbuild/android-arm@0.27.7 OK for: esbuild@0.27.7 want: 0.27.7
632 silly placeDep ROOT @esbuild/android-arm64@0.27.7 OK for: esbuild@0.27.7 want: 0.27.7
633 silly placeDep ROOT @esbuild/android-x64@0.27.7 OK for: esbuild@0.27.7 want: 0.27.7
634 silly placeDep ROOT @esbuild/darwin-arm64@0.27.7 OK for: esbuild@0.27.7 want: 0.27.7
635 silly placeDep ROOT @esbuild/darwin-x64@0.27.7 OK for: esbuild@0.27.7 want: 0.27.7
636 silly placeDep ROOT @esbuild/freebsd-arm64@0.27.7 OK for: esbuild@0.27.7 want: 0.27.7
637 silly placeDep ROOT @esbuild/freebsd-x64@0.27.7 OK for: esbuild@0.27.7 want: 0.27.7
638 silly placeDep ROOT @esbuild/linux-arm@0.27.7 OK for: esbuild@0.27.7 want: 0.27.7
639 silly placeDep ROOT @esbuild/linux-arm64@0.27.7 OK for: esbuild@0.27.7 want: 0.27.7
640 silly placeDep ROOT @esbuild/linux-ia32@0.27.7 OK for: esbuild@0.27.7 want: 0.27.7
641 silly placeDep ROOT @esbuild/linux-loong64@0.27.7 OK for: esbuild@0.27.7 want: 0.27.7
642 silly placeDep ROOT @esbuild/linux-mips64el@0.27.7 OK for: esbuild@0.27.7 want: 0.27.7
643 silly placeDep ROOT @esbuild/linux-ppc64@0.27.7 OK for: esbuild@0.27.7 want: 0.27.7
644 silly placeDep ROOT @esbuild/linux-riscv64@0.27.7 OK for: esbuild@0.27.7 want: 0.27.7
645 silly placeDep ROOT @esbuild/linux-s390x@0.27.7 OK for: esbuild@0.27.7 want: 0.27.7
646 silly placeDep ROOT @esbuild/linux-x64@0.27.7 OK for: esbuild@0.27.7 want: 0.27.7
647 silly placeDep ROOT @esbuild/netbsd-arm64@0.27.7 OK for: esbuild@0.27.7 want: 0.27.7
648 silly placeDep ROOT @esbuild/netbsd-x64@0.27.7 OK for: esbuild@0.27.7 want: 0.27.7
649 silly placeDep ROOT @esbuild/openbsd-arm64@0.27.7 OK for: esbuild@0.27.7 want: 0.27.7
650 silly placeDep ROOT @esbuild/openbsd-x64@0.27.7 OK for: esbuild@0.27.7 want: 0.27.7
651 silly placeDep ROOT @esbuild/openharmony-arm64@0.27.7 OK for: esbuild@0.27.7 want: 0.27.7
652 silly placeDep ROOT @esbuild/sunos-x64@0.27.7 OK for: esbuild@0.27.7 want: 0.27.7
653 silly placeDep ROOT @esbuild/win32-arm64@0.27.7 OK for: esbuild@0.27.7 want: 0.27.7
654 silly placeDep ROOT @esbuild/win32-ia32@0.27.7 OK for: esbuild@0.27.7 want: 0.27.7
655 silly placeDep ROOT @esbuild/win32-x64@0.27.7 OK for: esbuild@0.27.7 want: 0.27.7
656 silly placeDep ROOT nanoid@3.3.12 OK for: postcss@8.5.14 want: ^3.3.11
657 silly placeDep ROOT source-map-js@1.2.1 OK for: postcss@8.5.14 want: ^1.2.1
658 silly placeDep ROOT @rollup/rollup-android-arm-eabi@4.60.3 OK for: rollup@4.60.3 want: 4.60.3
659 silly placeDep ROOT @rollup/rollup-android-arm64@4.60.3 OK for: rollup@4.60.3 want: 4.60.3
660 silly placeDep ROOT @rollup/rollup-darwin-arm64@4.60.3 OK for: rollup@4.60.3 want: 4.60.3
661 silly placeDep ROOT @rollup/rollup-darwin-x64@4.60.3 OK for: rollup@4.60.3 want: 4.60.3
662 silly placeDep ROOT @rollup/rollup-freebsd-arm64@4.60.3 OK for: rollup@4.60.3 want: 4.60.3
663 silly placeDep ROOT @rollup/rollup-freebsd-x64@4.60.3 OK for: rollup@4.60.3 want: 4.60.3
664 silly placeDep ROOT @rollup/rollup-linux-arm-gnueabihf@4.60.3 OK for: rollup@4.60.3 want: 4.60.3
665 silly placeDep ROOT @rollup/rollup-linux-arm-musleabihf@4.60.3 OK for: rollup@4.60.3 want: 4.60.3
666 silly placeDep ROOT @rollup/rollup-linux-arm64-gnu@4.60.3 OK for: rollup@4.60.3 want: 4.60.3
667 silly placeDep ROOT @rollup/rollup-linux-arm64-musl@4.60.3 OK for: rollup@4.60.3 want: 4.60.3
668 silly placeDep ROOT @rollup/rollup-linux-loong64-gnu@4.60.3 OK for: rollup@4.60.3 want: 4.60.3
669 silly placeDep ROOT @rollup/rollup-linux-loong64-musl@4.60.3 OK for: rollup@4.60.3 want: 4.60.3
670 silly placeDep ROOT @rollup/rollup-linux-ppc64-gnu@4.60.3 OK for: rollup@4.60.3 want: 4.60.3
671 silly placeDep ROOT @rollup/rollup-linux-ppc64-musl@4.60.3 OK for: rollup@4.60.3 want: 4.60.3
672 silly placeDep ROOT @rollup/rollup-linux-riscv64-gnu@4.60.3 OK for: rollup@4.60.3 want: 4.60.3
673 silly placeDep ROOT @rollup/rollup-linux-riscv64-musl@4.60.3 OK for: rollup@4.60.3 want: 4.60.3
674 silly placeDep ROOT @rollup/rollup-linux-s390x-gnu@4.60.3 OK for: rollup@4.60.3 want: 4.60.3
675 silly placeDep ROOT @rollup/rollup-linux-x64-gnu@4.60.3 OK for: rollup@4.60.3 want: 4.60.3
676 silly placeDep ROOT @rollup/rollup-linux-x64-musl@4.60.3 OK for: rollup@4.60.3 want: 4.60.3
677 silly placeDep ROOT @rollup/rollup-openbsd-x64@4.60.3 OK for: rollup@4.60.3 want: 4.60.3
678 silly placeDep ROOT @rollup/rollup-openharmony-arm64@4.60.3 OK for: rollup@4.60.3 want: 4.60.3
679 silly placeDep ROOT @rollup/rollup-win32-arm64-msvc@4.60.3 OK for: rollup@4.60.3 want: 4.60.3
680 silly placeDep ROOT @rollup/rollup-win32-ia32-msvc@4.60.3 OK for: rollup@4.60.3 want: 4.60.3
681 silly placeDep ROOT @rollup/rollup-win32-x64-gnu@4.60.3 OK for: rollup@4.60.3 want: 4.60.3
682 silly placeDep ROOT @rollup/rollup-win32-x64-msvc@4.60.3 OK for: rollup@4.60.3 want: 4.60.3
683 silly placeDep ROOT @types/estree@1.0.8 OK for: rollup@4.60.3 want: 1.0.8
684 silly reify moves {}
685 silly audit bulk request {
685 silly audit   '@vitejs/plugin-react': [ '5.2.0' ],
685 silly audit   vite: [ '7.3.3' ],
685 silly audit   react: [ '18.3.1' ],
685 silly audit   'react-dom': [ '18.3.1' ],
685 silly audit   '@babel/core': [ '7.29.0' ],
685 silly audit   '@babel/plugin-transform-react-jsx-self': [ '7.27.1' ],
685 silly audit   '@babel/plugin-transform-react-jsx-source': [ '7.27.1' ],
685 silly audit   '@rolldown/pluginutils': [ '1.0.0-rc.3' ],
685 silly audit   '@types/babel__core': [ '7.20.5' ],
685 silly audit   'react-refresh': [ '0.18.0' ],
685 silly audit   '@babel/code-frame': [ '7.29.0' ],
685 silly audit   '@babel/generator': [ '7.29.1' ],
685 silly audit   '@babel/helper-compilation-targets': [ '7.28.6' ],
685 silly audit   '@babel/helper-module-transforms': [ '7.28.6' ],
685 silly audit   '@babel/helpers': [ '7.29.2' ],
685 silly audit   '@babel/parser': [ '7.29.3' ],
685 silly audit   '@babel/template': [ '7.28.6' ],
685 silly audit   '@babel/traverse': [ '7.29.0' ],
685 silly audit   '@babel/types': [ '7.29.0' ],
685 silly audit   '@jridgewell/remapping': [ '2.3.5' ],
685 silly audit   'convert-source-map': [ '2.0.0' ],
685 silly audit   debug: [ '4.4.3' ],
685 silly audit   gensync: [ '1.0.0-beta.2' ],
685 silly audit   json5: [ '2.2.3' ],
685 silly audit   semver: [ '6.3.1' ],
685 silly audit   '@babel/helper-validator-identifier': [ '7.28.5' ],
685 silly audit   'js-tokens': [ '4.0.0' ],
685 silly audit   picocolors: [ '1.1.1' ],
685 silly audit   '@jridgewell/gen-mapping': [ '0.3.13' ],
685 silly audit   '@jridgewell/trace-mapping': [ '0.3.31' ],
685 silly audit   jsesc: [ '3.1.0' ],
685 silly audit   '@babel/compat-data': [ '7.29.3' ],
685 silly audit   '@babel/helper-validator-option': [ '7.27.1' ],
685 silly audit   browserslist: [ '4.28.2' ],
685 silly audit   'lru-cache': [ '5.1.1' ],
685 silly audit   '@babel/helper-module-imports': [ '7.28.6' ],
685 silly audit   '@babel/helper-plugin-utils': [ '7.28.6' ],
685 silly audit   '@babel/helper-globals': [ '7.28.0' ],
685 silly audit   '@babel/helper-string-parser': [ '7.27.1' ],
685 silly audit   '@jridgewell/sourcemap-codec': [ '1.5.5' ],
685 silly audit   '@jridgewell/resolve-uri': [ '3.1.2' ],
685 silly audit   '@types/babel__generator': [ '7.27.0' ],
685 silly audit   '@types/babel__template': [ '7.4.4' ],
685 silly audit   '@types/babel__traverse': [ '7.28.0' ],
685 silly audit   'baseline-browser-mapping': [ '2.10.27' ],
685 silly audit   'caniuse-lite': [ '1.0.30001792' ],
685 silly audit   'electron-to-chromium': [ '1.5.352' ],
685 silly audit   'node-releases': [ '2.0.38' ],
685 silly audit   'update-browserslist-db': [ '1.2.3' ],
685 silly audit   ms: [ '2.1.3' ],
685 silly audit   yallist: [ '3.1.1' ],
685 silly audit   'loose-envify': [ '1.4.0' ],
685 silly audit   scheduler: [ '0.23.2' ],
685 silly audit   escalade: [ '3.2.0' ],
685 silly audit   esbuild: [ '0.27.7' ],
685 silly audit   fdir: [ '6.5.0' ],
685 silly audit   fsevents: [ '2.3.3' ],
685 silly audit   picomatch: [ '4.0.4' ],
685 silly audit   postcss: [ '8.5.14' ],
685 silly audit   rollup: [ '4.60.3' ],
685 silly audit   tinyglobby: [ '0.2.16' ],
685 silly audit   '@esbuild/aix-ppc64': [ '0.27.7' ],
685 silly audit   '@esbuild/android-arm': [ '0.27.7' ],
685 silly audit   '@esbuild/android-arm64': [ '0.27.7' ],
685 silly audit   '@esbuild/android-x64': [ '0.27.7' ],
685 silly audit   '@esbuild/darwin-arm64': [ '0.27.7' ],
685 silly audit   '@esbuild/darwin-x64': [ '0.27.7' ],
685 silly audit   '@esbuild/freebsd-arm64': [ '0.27.7' ],
685 silly audit   '@esbuild/freebsd-x64': [ '0.27.7' ],
685 silly audit   '@esbuild/linux-arm': [ '0.27.7' ],
685 silly audit   '@esbuild/linux-arm64': [ '0.27.7' ],
685 silly audit   '@esbuild/linux-ia32': [ '0.27.7' ],
685 silly audit   '@esbuild/linux-loong64': [ '0.27.7' ],
685 silly audit   '@esbuild/linux-mips64el': [ '0.27.7' ],
685 silly audit   '@esbuild/linux-ppc64': [ '0.27.7' ],
685 silly audit   '@esbuild/linux-riscv64': [ '0.27.7' ],
685 silly audit   '@esbuild/linux-s390x': [ '0.27.7' ],
685 silly audit   '@esbuild/linux-x64': [ '0.27.7' ],
685 silly audit   '@esbuild/netbsd-arm64': [ '0.27.7' ],
685 silly audit   '@esbuild/netbsd-x64': [ '0.27.7' ],
685 silly audit   '@esbuild/openbsd-arm64': [ '0.27.7' ],
685 silly audit   '@esbuild/openbsd-x64': [ '0.27.7' ],
685 silly audit   '@esbuild/openharmony-arm64': [ '0.27.7' ],
685 silly audit   '@esbuild/sunos-x64': [ '0.27.7' ],
685 silly audit   '@esbuild/win32-arm64': [ '0.27.7' ],
685 silly audit   '@esbuild/win32-ia32': [ '0.27.7' ],
685 silly audit   '@esbuild/win32-x64': [ '0.27.7' ],
685 silly audit   nanoid: [ '3.3.12' ],
685 silly audit   'source-map-js': [ '1.2.1' ],
685 silly audit   '@rollup/rollup-android-arm-eabi': [ '4.60.3' ],
685 silly audit   '@rollup/rollup-android-arm64': [ '4.60.3' ],
685 silly audit   '@rollup/rollup-darwin-arm64': [ '4.60.3' ],
685 silly audit   '@rollup/rollup-darwin-x64': [ '4.60.3' ],
685 silly audit   '@rollup/rollup-freebsd-arm64': [ '4.60.3' ],
685 silly audit   '@rollup/rollup-freebsd-x64': [ '4.60.3' ],
685 silly audit   '@rollup/rollup-linux-arm-gnueabihf': [ '4.60.3' ],
685 silly audit   '@rollup/rollup-linux-arm-musleabihf': [ '4.60.3' ],
685 silly audit   '@rollup/rollup-linux-arm64-gnu': [ '4.60.3' ],
685 silly audit   '@rollup/rollup-linux-arm64-musl': [ '4.60.3' ],
685 silly audit   '@rollup/rollup-linux-loong64-gnu': [ '4.60.3' ],
685 silly audit   '@rollup/rollup-linux-loong64-musl': [ '4.60.3' ],
685 silly audit   '@rollup/rollup-linux-ppc64-gnu': [ '4.60.3' ],
685 silly audit   '@rollup/rollup-linux-ppc64-musl': [ '4.60.3' ],
685 silly audit   '@rollup/rollup-linux-riscv64-gnu': [ '4.60.3' ],
685 silly audit   '@rollup/rollup-linux-riscv64-musl': [ '4.60.3' ],
685 silly audit   '@rollup/rollup-linux-s390x-gnu': [ '4.60.3' ],
685 silly audit   '@rollup/rollup-linux-x64-gnu': [ '4.60.3' ],
685 silly audit   '@rollup/rollup-linux-x64-musl': [ '4.60.3' ],
685 silly audit   '@rollup/rollup-openbsd-x64': [ '4.60.3' ],
685 silly audit   '@rollup/rollup-openharmony-arm64': [ '4.60.3' ],
685 silly audit   '@rollup/rollup-win32-arm64-msvc': [ '4.60.3' ],
685 silly audit   '@rollup/rollup-win32-ia32-msvc': [ '4.60.3' ],
685 silly audit   '@rollup/rollup-win32-x64-gnu': [ '4.60.3' ],
685 silly audit   '@rollup/rollup-win32-x64-msvc': [ '4.60.3' ],
685 silly audit   '@types/estree': [ '1.0.8' ]
685 silly audit }
686 http cache @types/estree@https://registry.npmjs.org/@types/estree/-/estree-1.0.8.tgz 0ms (cache hit)
687 http cache source-map-js@https://registry.npmjs.org/source-map-js/-/source-map-js-1.2.1.tgz 0ms (cache hit)
688 http cache @rollup/rollup-win32-x64-msvc@https://registry.npmjs.org/@rollup/rollup-win32-x64-msvc/-/rollup-win32-x64-msvc-4.60.3.tgz 0ms (cache hit)
689 http cache @esbuild/win32-x64@https://registry.npmjs.org/@esbuild/win32-x64/-/win32-x64-0.27.7.tgz 1ms (cache hit)
690 http cache @rollup/rollup-win32-x64-gnu@https://registry.npmjs.org/@rollup/rollup-win32-x64-gnu/-/rollup-win32-x64-gnu-4.60.3.tgz 0ms (cache hit)
691 http cache tinyglobby@https://registry.npmjs.org/tinyglobby/-/tinyglobby-0.2.16.tgz 0ms (cache hit)
692 http cache nanoid@https://registry.npmjs.org/nanoid/-/nanoid-3.3.12.tgz 0ms (cache hit)
693 http cache rollup@https://registry.npmjs.org/rollup/-/rollup-4.60.3.tgz 0ms (cache hit)
694 http cache postcss@https://registry.npmjs.org/postcss/-/postcss-8.5.14.tgz 0ms (cache hit)
695 http cache picomatch@https://registry.npmjs.org/picomatch/-/picomatch-4.0.4.tgz 0ms (cache hit)
696 http cache esbuild@https://registry.npmjs.org/esbuild/-/esbuild-0.27.7.tgz 0ms (cache hit)
697 http cache fdir@https://registry.npmjs.org/fdir/-/fdir-6.5.0.tgz 0ms (cache hit)
698 http cache scheduler@https://registry.npmjs.org/scheduler/-/scheduler-0.23.2.tgz 0ms (cache hit)
699 http cache yallist@https://registry.npmjs.org/yallist/-/yallist-3.1.1.tgz 0ms (cache hit)
700 http cache escalade@https://registry.npmjs.org/escalade/-/escalade-3.2.0.tgz 0ms (cache hit)
701 http cache loose-envify@https://registry.npmjs.org/loose-envify/-/loose-envify-1.4.0.tgz 0ms (cache hit)
702 http cache ms@https://registry.npmjs.org/ms/-/ms-2.1.3.tgz 0ms (cache hit)
703 http cache update-browserslist-db@https://registry.npmjs.org/update-browserslist-db/-/update-browserslist-db-1.2.3.tgz 0ms (cache hit)
704 http cache node-releases@https://registry.npmjs.org/node-releases/-/node-releases-2.0.38.tgz 0ms (cache hit)
705 http cache @types/babel__template@https://registry.npmjs.org/@types/babel__template/-/babel__template-7.4.4.tgz 0ms (cache hit)
706 http cache @types/babel__traverse@https://registry.npmjs.org/@types/babel__traverse/-/babel__traverse-7.28.0.tgz 0ms (cache hit)
707 http cache caniuse-lite@https://registry.npmjs.org/caniuse-lite/-/caniuse-lite-1.0.30001792.tgz 0ms (cache hit)
708 http cache @types/babel__generator@https://registry.npmjs.org/@types/babel__generator/-/babel__generator-7.27.0.tgz 0ms (cache hit)
709 http cache electron-to-chromium@https://registry.npmjs.org/electron-to-chromium/-/electron-to-chromium-1.5.352.tgz 0ms (cache hit)
710 http cache @jridgewell/sourcemap-codec@https://registry.npmjs.org/@jridgewell/sourcemap-codec/-/sourcemap-codec-1.5.5.tgz 0ms (cache hit)
711 http cache baseline-browser-mapping@https://registry.npmjs.org/baseline-browser-mapping/-/baseline-browser-mapping-2.10.27.tgz 0ms (cache hit)
712 http cache @babel/helper-string-parser@https://registry.npmjs.org/@babel/helper-string-parser/-/helper-string-parser-7.27.1.tgz 0ms (cache hit)
713 http cache @babel/helper-globals@https://registry.npmjs.org/@babel/helper-globals/-/helper-globals-7.28.0.tgz 0ms (cache hit)
714 http cache @jridgewell/resolve-uri@https://registry.npmjs.org/@jridgewell/resolve-uri/-/resolve-uri-3.1.2.tgz 0ms (cache hit)
715 http cache @babel/helper-plugin-utils@https://registry.npmjs.org/@babel/helper-plugin-utils/-/helper-plugin-utils-7.28.6.tgz 0ms (cache hit)
716 http cache lru-cache@https://registry.npmjs.org/lru-cache/-/lru-cache-5.1.1.tgz 0ms (cache hit)
717 http cache @babel/helper-module-imports@https://registry.npmjs.org/@babel/helper-module-imports/-/helper-module-imports-7.28.6.tgz 0ms (cache hit)
718 http cache browserslist@https://registry.npmjs.org/browserslist/-/browserslist-4.28.2.tgz 0ms (cache hit)
719 http cache @jridgewell/trace-mapping@https://registry.npmjs.org/@jridgewell/trace-mapping/-/trace-mapping-0.3.31.tgz 0ms (cache hit)
720 http cache @babel/compat-data@https://registry.npmjs.org/@babel/compat-data/-/compat-data-7.29.3.tgz 0ms (cache hit)
721 http cache @babel/helper-validator-option@https://registry.npmjs.org/@babel/helper-validator-option/-/helper-validator-option-7.27.1.tgz 0ms (cache hit)
722 http cache jsesc@https://registry.npmjs.org/jsesc/-/jsesc-3.1.0.tgz 0ms (cache hit)
723 http cache @jridgewell/gen-mapping@https://registry.npmjs.org/@jridgewell/gen-mapping/-/gen-mapping-0.3.13.tgz 0ms (cache hit)
724 http cache @babel/helper-validator-identifier@https://registry.npmjs.org/@babel/helper-validator-identifier/-/helper-validator-identifier-7.28.5.tgz 0ms (cache hit)
725 http cache js-tokens@https://registry.npmjs.org/js-tokens/-/js-tokens-4.0.0.tgz 0ms (cache hit)
726 http cache picocolors@https://registry.npmjs.org/picocolors/-/picocolors-1.1.1.tgz 1ms (cache hit)
727 http cache json5@https://registry.npmjs.org/json5/-/json5-2.2.3.tgz 0ms (cache hit)
728 http cache semver@https://registry.npmjs.org/semver/-/semver-6.3.1.tgz 0ms (cache hit)
729 http cache @babel/types@https://registry.npmjs.org/@babel/types/-/types-7.29.0.tgz 0ms (cache hit)
730 http cache @jridgewell/remapping@https://registry.npmjs.org/@jridgewell/remapping/-/remapping-2.3.5.tgz 0ms (cache hit)
731 http cache @babel/traverse@https://registry.npmjs.org/@babel/traverse/-/traverse-7.29.0.tgz 0ms (cache hit)
732 http cache gensync@https://registry.npmjs.org/gensync/-/gensync-1.0.0-beta.2.tgz 0ms (cache hit)
733 http cache @babel/template@https://registry.npmjs.org/@babel/template/-/template-7.28.6.tgz 0ms (cache hit)
734 http cache convert-source-map@https://registry.npmjs.org/convert-source-map/-/convert-source-map-2.0.0.tgz 0ms (cache hit)
735 http cache @babel/parser@https://registry.npmjs.org/@babel/parser/-/parser-7.29.3.tgz 0ms (cache hit)
736 http cache debug@https://registry.npmjs.org/debug/-/debug-4.4.3.tgz 0ms (cache hit)
737 http cache @babel/helpers@https://registry.npmjs.org/@babel/helpers/-/helpers-7.29.2.tgz 0ms (cache hit)
738 http cache @babel/helper-module-transforms@https://registry.npmjs.org/@babel/helper-module-transforms/-/helper-module-transforms-7.28.6.tgz 0ms (cache hit)
739 http cache @babel/helper-compilation-targets@https://registry.npmjs.org/@babel/helper-compilation-targets/-/helper-compilation-targets-7.28.6.tgz 0ms (cache hit)
740 http cache react-refresh@https://registry.npmjs.org/react-refresh/-/react-refresh-0.18.0.tgz 0ms (cache hit)
741 http cache @rolldown/pluginutils@https://registry.npmjs.org/@rolldown/pluginutils/-/pluginutils-1.0.0-rc.3.tgz 0ms (cache hit)
742 http cache @types/babel__core@https://registry.npmjs.org/@types/babel__core/-/babel__core-7.20.5.tgz 0ms (cache hit)
743 http cache @babel/generator@https://registry.npmjs.org/@babel/generator/-/generator-7.29.1.tgz 0ms (cache hit)
744 http cache @babel/code-frame@https://registry.npmjs.org/@babel/code-frame/-/code-frame-7.29.0.tgz 0ms (cache hit)
745 http cache react-dom@https://registry.npmjs.org/react-dom/-/react-dom-18.3.1.tgz 0ms (cache hit)
746 http cache @babel/plugin-transform-react-jsx-source@https://registry.npmjs.org/@babel/plugin-transform-react-jsx-source/-/plugin-transform-react-jsx-source-7.27.1.tgz 0ms (cache hit)
747 http cache @babel/core@https://registry.npmjs.org/@babel/core/-/core-7.29.0.tgz 0ms (cache hit)
748 http cache @babel/plugin-transform-react-jsx-self@https://registry.npmjs.org/@babel/plugin-transform-react-jsx-self/-/plugin-transform-react-jsx-self-7.27.1.tgz 0ms (cache hit)
749 silly tarball no local data for @types/estree@https://registry.npmjs.org/@types/estree/-/estree-1.0.8.tgz. Extracting by manifest.
750 http cache react@https://registry.npmjs.org/react/-/react-18.3.1.tgz 1ms (cache hit)
751 silly tarball no local data for source-map-js@https://registry.npmjs.org/source-map-js/-/source-map-js-1.2.1.tgz. Extracting by manifest.
752 silly tarball no local data for @rollup/rollup-win32-x64-msvc@https://registry.npmjs.org/@rollup/rollup-win32-x64-msvc/-/rollup-win32-x64-msvc-4.60.3.tgz. Extracting by manifest.
753 http cache vite@https://registry.npmjs.org/vite/-/vite-7.3.3.tgz 0ms (cache hit)
754 silly tarball no local data for @esbuild/win32-x64@https://registry.npmjs.org/@esbuild/win32-x64/-/win32-x64-0.27.7.tgz. Extracting by manifest.
755 silly tarball no local data for @rollup/rollup-win32-x64-gnu@https://registry.npmjs.org/@rollup/rollup-win32-x64-gnu/-/rollup-win32-x64-gnu-4.60.3.tgz. Extracting by manifest.
756 silly tarball no local data for tinyglobby@https://registry.npmjs.org/tinyglobby/-/tinyglobby-0.2.16.tgz. Extracting by manifest.
757 silly tarball no local data for nanoid@https://registry.npmjs.org/nanoid/-/nanoid-3.3.12.tgz. Extracting by manifest.
758 silly tarball no local data for rollup@https://registry.npmjs.org/rollup/-/rollup-4.60.3.tgz. Extracting by manifest.
759 silly tarball no local data for postcss@https://registry.npmjs.org/postcss/-/postcss-8.5.14.tgz. Extracting by manifest.
760 silly tarball no local data for picomatch@https://registry.npmjs.org/picomatch/-/picomatch-4.0.4.tgz. Extracting by manifest.
761 http cache @vitejs/plugin-react@https://registry.npmjs.org/@vitejs/plugin-react/-/plugin-react-5.2.0.tgz 0ms (cache hit)
762 silly tarball no local data for esbuild@https://registry.npmjs.org/esbuild/-/esbuild-0.27.7.tgz. Extracting by manifest.
763 silly tarball no local data for fdir@https://registry.npmjs.org/fdir/-/fdir-6.5.0.tgz. Extracting by manifest.
764 silly tarball no local data for scheduler@https://registry.npmjs.org/scheduler/-/scheduler-0.23.2.tgz. Extracting by manifest.
765 silly tarball no local data for yallist@https://registry.npmjs.org/yallist/-/yallist-3.1.1.tgz. Extracting by manifest.
766 silly tarball no local data for escalade@https://registry.npmjs.org/escalade/-/escalade-3.2.0.tgz. Extracting by manifest.
767 silly tarball no local data for loose-envify@https://registry.npmjs.org/loose-envify/-/loose-envify-1.4.0.tgz. Extracting by manifest.
768 silly tarball no local data for ms@https://registry.npmjs.org/ms/-/ms-2.1.3.tgz. Extracting by manifest.
769 silly tarball no local data for update-browserslist-db@https://registry.npmjs.org/update-browserslist-db/-/update-browserslist-db-1.2.3.tgz. Extracting by manifest.
770 silly tarball no local data for node-releases@https://registry.npmjs.org/node-releases/-/node-releases-2.0.38.tgz. Extracting by manifest.
771 silly tarball no local data for @types/babel__template@https://registry.npmjs.org/@types/babel__template/-/babel__template-7.4.4.tgz. Extracting by manifest.
772 silly tarball no local data for @types/babel__traverse@https://registry.npmjs.org/@types/babel__traverse/-/babel__traverse-7.28.0.tgz. Extracting by manifest.
773 silly tarball no local data for caniuse-lite@https://registry.npmjs.org/caniuse-lite/-/caniuse-lite-1.0.30001792.tgz. Extracting by manifest.
774 silly tarball no local data for @types/babel__generator@https://registry.npmjs.org/@types/babel__generator/-/babel__generator-7.27.0.tgz. Extracting by manifest.
775 silly tarball no local data for electron-to-chromium@https://registry.npmjs.org/electron-to-chromium/-/electron-to-chromium-1.5.352.tgz. Extracting by manifest.
776 silly tarball no local data for @jridgewell/sourcemap-codec@https://registry.npmjs.org/@jridgewell/sourcemap-codec/-/sourcemap-codec-1.5.5.tgz. Extracting by manifest.
777 silly tarball no local data for baseline-browser-mapping@https://registry.npmjs.org/baseline-browser-mapping/-/baseline-browser-mapping-2.10.27.tgz. Extracting by manifest.
778 silly tarball no local data for @babel/helper-string-parser@https://registry.npmjs.org/@babel/helper-string-parser/-/helper-string-parser-7.27.1.tgz. Extracting by manifest.
779 silly tarball no local data for @babel/helper-globals@https://registry.npmjs.org/@babel/helper-globals/-/helper-globals-7.28.0.tgz. Extracting by manifest.
780 silly tarball no local data for @jridgewell/resolve-uri@https://registry.npmjs.org/@jridgewell/resolve-uri/-/resolve-uri-3.1.2.tgz. Extracting by manifest.
781 silly tarball no local data for @babel/helper-plugin-utils@https://registry.npmjs.org/@babel/helper-plugin-utils/-/helper-plugin-utils-7.28.6.tgz. Extracting by manifest.
782 silly tarball no local data for lru-cache@https://registry.npmjs.org/lru-cache/-/lru-cache-5.1.1.tgz. Extracting by manifest.
783 silly tarball no local data for @babel/helper-module-imports@https://registry.npmjs.org/@babel/helper-module-imports/-/helper-module-imports-7.28.6.tgz. Extracting by manifest.
784 silly tarball no local data for browserslist@https://registry.npmjs.org/browserslist/-/browserslist-4.28.2.tgz. Extracting by manifest.
785 silly tarball no local data for @jridgewell/trace-mapping@https://registry.npmjs.org/@jridgewell/trace-mapping/-/trace-mapping-0.3.31.tgz. Extracting by manifest.
786 silly tarball no local data for @babel/compat-data@https://registry.npmjs.org/@babel/compat-data/-/compat-data-7.29.3.tgz. Extracting by manifest.
787 silly tarball no local data for @babel/helper-validator-option@https://registry.npmjs.org/@babel/helper-validator-option/-/helper-validator-option-7.27.1.tgz. Extracting by manifest.
788 silly tarball no local data for jsesc@https://registry.npmjs.org/jsesc/-/jsesc-3.1.0.tgz. Extracting by manifest.
789 silly tarball no local data for @jridgewell/gen-mapping@https://registry.npmjs.org/@jridgewell/gen-mapping/-/gen-mapping-0.3.13.tgz. Extracting by manifest.
790 silly tarball no local data for @babel/helper-validator-identifier@https://registry.npmjs.org/@babel/helper-validator-identifier/-/helper-validator-identifier-7.28.5.tgz. Extracting by manifest.
791 silly tarball no local data for js-tokens@https://registry.npmjs.org/js-tokens/-/js-tokens-4.0.0.tgz. Extracting by manifest.
792 silly tarball no local data for picocolors@https://registry.npmjs.org/picocolors/-/picocolors-1.1.1.tgz. Extracting by manifest.
793 silly tarball no local data for json5@https://registry.npmjs.org/json5/-/json5-2.2.3.tgz. Extracting by manifest.
794 silly tarball no local data for semver@https://registry.npmjs.org/semver/-/semver-6.3.1.tgz. Extracting by manifest.
795 silly tarball no local data for @babel/types@https://registry.npmjs.org/@babel/types/-/types-7.29.0.tgz. Extracting by manifest.
796 silly tarball no local data for @jridgewell/remapping@https://registry.npmjs.org/@jridgewell/remapping/-/remapping-2.3.5.tgz. Extracting by manifest.
797 silly tarball no local data for @babel/traverse@https://registry.npmjs.org/@babel/traverse/-/traverse-7.29.0.tgz. Extracting by manifest.
798 silly tarball no local data for gensync@https://registry.npmjs.org/gensync/-/gensync-1.0.0-beta.2.tgz. Extracting by manifest.
799 silly tarball no local data for @babel/template@https://registry.npmjs.org/@babel/template/-/template-7.28.6.tgz. Extracting by manifest.
800 silly tarball no local data for convert-source-map@https://registry.npmjs.org/convert-source-map/-/convert-source-map-2.0.0.tgz. Extracting by manifest.
801 silly tarball no local data for @babel/parser@https://registry.npmjs.org/@babel/parser/-/parser-7.29.3.tgz. Extracting by manifest.
802 silly tarball no local data for debug@https://registry.npmjs.org/debug/-/debug-4.4.3.tgz. Extracting by manifest.
803 silly tarball no local data for @babel/helpers@https://registry.npmjs.org/@babel/helpers/-/helpers-7.29.2.tgz. Extracting by manifest.
804 silly tarball no local data for @babel/helper-module-transforms@https://registry.npmjs.org/@babel/helper-module-transforms/-/helper-module-transforms-7.28.6.tgz. Extracting by manifest.
805 silly tarball no local data for @babel/helper-compilation-targets@https://registry.npmjs.org/@babel/helper-compilation-targets/-/helper-compilation-targets-7.28.6.tgz. Extracting by manifest.
806 silly tarball no local data for react-refresh@https://registry.npmjs.org/react-refresh/-/react-refresh-0.18.0.tgz. Extracting by manifest.
807 silly tarball no local data for @rolldown/pluginutils@https://registry.npmjs.org/@rolldown/pluginutils/-/pluginutils-1.0.0-rc.3.tgz. Extracting by manifest.
808 silly tarball no local data for @types/babel__core@https://registry.npmjs.org/@types/babel__core/-/babel__core-7.20.5.tgz. Extracting by manifest.
809 silly tarball no local data for @babel/generator@https://registry.npmjs.org/@babel/generator/-/generator-7.29.1.tgz. Extracting by manifest.
810 silly tarball no local data for @babel/code-frame@https://registry.npmjs.org/@babel/code-frame/-/code-frame-7.29.0.tgz. Extracting by manifest.
811 silly tarball no local data for react-dom@https://registry.npmjs.org/react-dom/-/react-dom-18.3.1.tgz. Extracting by manifest.
812 silly tarball no local data for @babel/plugin-transform-react-jsx-source@https://registry.npmjs.org/@babel/plugin-transform-react-jsx-source/-/plugin-transform-react-jsx-source-7.27.1.tgz. Extracting by manifest.
813 silly tarball no local data for @babel/core@https://registry.npmjs.org/@babel/core/-/core-7.29.0.tgz. Extracting by manifest.
814 silly tarball no local data for @babel/plugin-transform-react-jsx-self@https://registry.npmjs.org/@babel/plugin-transform-react-jsx-self/-/plugin-transform-react-jsx-self-7.27.1.tgz. Extracting by manifest.
815 silly tarball no local data for react@https://registry.npmjs.org/react/-/react-18.3.1.tgz. Extracting by manifest.
816 silly tarball no local data for vite@https://registry.npmjs.org/vite/-/vite-7.3.3.tgz. Extracting by manifest.
817 silly tarball no local data for @vitejs/plugin-react@https://registry.npmjs.org/@vitejs/plugin-react/-/plugin-react-5.2.0.tgz. Extracting by manifest.
818 http fetch GET 200 https://registry.npmjs.org/tinyglobby/-/tinyglobby-0.2.16.tgz 322ms (cache miss)
819 http fetch GET 200 https://registry.npmjs.org/nanoid/-/nanoid-3.3.12.tgz 324ms (cache miss)
820 http fetch GET 200 https://registry.npmjs.org/@types/estree/-/estree-1.0.8.tgz 394ms (cache miss)
821 http fetch POST 200 https://registry.npmjs.org/-/npm/v1/security/advisories/bulk 546ms
822 silly audit report {}
823 http fetch GET 200 https://registry.npmjs.org/picomatch/-/picomatch-4.0.4.tgz 474ms (cache miss)
824 http fetch GET 200 https://registry.npmjs.org/loose-envify/-/loose-envify-1.4.0.tgz 499ms (cache miss)
825 http fetch GET 200 https://registry.npmjs.org/ms/-/ms-2.1.3.tgz 499ms (cache miss)
826 http fetch GET 200 https://registry.npmjs.org/update-browserslist-db/-/update-browserslist-db-1.2.3.tgz 503ms (cache miss)
827 http fetch GET 200 https://registry.npmjs.org/node-releases/-/node-releases-2.0.38.tgz 523ms (cache miss)
828 http fetch GET 200 https://registry.npmjs.org/escalade/-/escalade-3.2.0.tgz 596ms (cache miss)
829 http fetch GET 200 https://registry.npmjs.org/source-map-js/-/source-map-js-1.2.1.tgz 622ms (cache miss)
830 http fetch GET 200 https://registry.npmjs.org/@types/babel__template/-/babel__template-7.4.4.tgz 747ms (cache miss)
831 http fetch GET 200 https://registry.npmjs.org/@types/babel__generator/-/babel__generator-7.27.0.tgz 744ms (cache miss)
832 http fetch GET 200 https://registry.npmjs.org/@types/babel__traverse/-/babel__traverse-7.28.0.tgz 767ms (cache miss)
833 http fetch GET 200 https://registry.npmjs.org/@babel/helper-string-parser/-/helper-string-parser-7.27.1.tgz 771ms (cache miss)
834 http fetch GET 200 https://registry.npmjs.org/lru-cache/-/lru-cache-5.1.1.tgz 924ms (cache miss)
835 http fetch GET 200 https://registry.npmjs.org/@babel/helper-globals/-/helper-globals-7.28.0.tgz 937ms (cache miss)
836 http fetch GET 200 https://registry.npmjs.org/electron-to-chromium/-/electron-to-chromium-1.5.352.tgz 971ms (cache miss)
837 http fetch GET 200 https://registry.npmjs.org/@babel/helper-plugin-utils/-/helper-plugin-utils-7.28.6.tgz 976ms (cache miss)
838 http fetch GET 200 https://registry.npmjs.org/baseline-browser-mapping/-/baseline-browser-mapping-2.10.27.tgz 1004ms (cache miss)
839 http fetch GET 200 https://registry.npmjs.org/yallist/-/yallist-3.1.1.tgz 1031ms (cache miss)
840 http fetch GET 200 https://registry.npmjs.org/jsesc/-/jsesc-3.1.0.tgz 1115ms (cache miss)
841 http fetch GET 200 https://registry.npmjs.org/picocolors/-/picocolors-1.1.1.tgz 1118ms (cache miss)
842 http fetch GET 200 https://registry.npmjs.org/@jridgewell/resolve-uri/-/resolve-uri-3.1.2.tgz 1165ms (cache miss)
843 http fetch GET 200 https://registry.npmjs.org/@babel/helper-validator-identifier/-/helper-validator-identifier-7.28.5.tgz 1159ms (cache miss)
844 http fetch GET 200 https://registry.npmjs.org/js-tokens/-/js-tokens-4.0.0.tgz 1159ms (cache miss)
845 http fetch GET 200 https://registry.npmjs.org/browserslist/-/browserslist-4.28.2.tgz 1181ms (cache miss)
846 http fetch GET 200 https://registry.npmjs.org/esbuild/-/esbuild-0.27.7.tgz 1230ms (cache miss)
847 http fetch GET 200 https://registry.npmjs.org/semver/-/semver-6.3.1.tgz 1224ms (cache miss)
848 http fetch GET 200 https://registry.npmjs.org/fdir/-/fdir-6.5.0.tgz 1280ms (cache miss)
849 http fetch GET 200 https://registry.npmjs.org/@babel/helper-validator-option/-/helper-validator-option-7.27.1.tgz 1277ms (cache miss)
850 http fetch GET 200 https://registry.npmjs.org/@babel/helper-module-imports/-/helper-module-imports-7.28.6.tgz 1292ms (cache miss)
851 http fetch GET 200 https://registry.npmjs.org/convert-source-map/-/convert-source-map-2.0.0.tgz 1318ms (cache miss)
852 http fetch GET 200 https://registry.npmjs.org/scheduler/-/scheduler-0.23.2.tgz 1461ms (cache miss)
853 http fetch GET 200 https://registry.npmjs.org/gensync/-/gensync-1.0.0-beta.2.tgz 1433ms (cache miss)
854 http fetch GET 200 https://registry.npmjs.org/react-refresh/-/react-refresh-0.18.0.tgz 1433ms (cache miss)
855 http fetch GET 200 https://registry.npmjs.org/@babel/helper-compilation-targets/-/helper-compilation-targets-7.28.6.tgz 1453ms (cache miss)
856 http fetch GET 200 https://registry.npmjs.org/debug/-/debug-4.4.3.tgz 1482ms (cache miss)
857 http fetch GET 200 https://registry.npmjs.org/@babel/compat-data/-/compat-data-7.29.3.tgz 1507ms (cache miss)
858 http fetch GET 200 https://registry.npmjs.org/@rolldown/pluginutils/-/pluginutils-1.0.0-rc.3.tgz 1492ms (cache miss)
859 http fetch GET 200 https://registry.npmjs.org/@babel/code-frame/-/code-frame-7.29.0.tgz 1601ms (cache miss)
860 http fetch GET 200 https://registry.npmjs.org/@babel/plugin-transform-react-jsx-source/-/plugin-transform-react-jsx-source-7.27.1.tgz 1647ms (cache miss)
861 http fetch GET 200 https://registry.npmjs.org/@types/babel__core/-/babel__core-7.20.5.tgz 1654ms (cache miss)
862 http fetch GET 200 https://registry.npmjs.org/@rollup/rollup-win32-x64-gnu/-/rollup-win32-x64-gnu-4.60.3.tgz 1751ms (cache miss)
863 http fetch GET 200 https://registry.npmjs.org/@babel/plugin-transform-react-jsx-self/-/plugin-transform-react-jsx-self-7.27.1.tgz 1675ms (cache miss)
864 http fetch GET 200 https://registry.npmjs.org/@rollup/rollup-win32-x64-msvc/-/rollup-win32-x64-msvc-4.60.3.tgz 1786ms (cache miss)
865 http fetch GET 200 https://registry.npmjs.org/@jridgewell/sourcemap-codec/-/sourcemap-codec-1.5.5.tgz 1803ms (cache miss)
866 http fetch GET 200 https://registry.npmjs.org/@vitejs/plugin-react/-/plugin-react-5.2.0.tgz 1735ms (cache miss)
867 http fetch GET 200 https://registry.npmjs.org/json5/-/json5-2.2.3.tgz 1876ms (cache miss)
868 http fetch GET 200 https://registry.npmjs.org/@babel/template/-/template-7.28.6.tgz 1885ms (cache miss)
869 http fetch GET 200 https://registry.npmjs.org/@babel/helper-module-transforms/-/helper-module-transforms-7.28.6.tgz 1966ms (cache miss)
870 http fetch GET 200 https://registry.npmjs.org/postcss/-/postcss-8.5.14.tgz 2044ms (cache miss)
871 http fetch GET 200 https://registry.npmjs.org/@jridgewell/gen-mapping/-/gen-mapping-0.3.13.tgz 2106ms (cache miss)
872 http fetch GET 200 https://registry.npmjs.org/rollup/-/rollup-4.60.3.tgz 2160ms (cache miss)
873 http fetch GET 200 https://registry.npmjs.org/react/-/react-18.3.1.tgz 2074ms (cache miss)
874 http fetch GET 200 https://registry.npmjs.org/@jridgewell/remapping/-/remapping-2.3.5.tgz 2131ms (cache miss)
875 http fetch GET 200 https://registry.npmjs.org/@babel/parser/-/parser-7.29.3.tgz 2244ms (cache miss)
876 http fetch GET 200 https://registry.npmjs.org/@jridgewell/trace-mapping/-/trace-mapping-0.3.31.tgz 2281ms (cache miss)
877 http fetch GET 200 https://registry.npmjs.org/@babel/generator/-/generator-7.29.1.tgz 2476ms (cache miss)
878 http fetch GET 200 https://registry.npmjs.org/vite/-/vite-7.3.3.tgz 2608ms (cache miss)
879 http fetch GET 200 https://registry.npmjs.org/react-dom/-/react-dom-18.3.1.tgz 2664ms (cache miss)
880 http fetch GET 200 https://registry.npmjs.org/@babel/traverse/-/traverse-7.29.0.tgz 2750ms (cache miss)
881 http fetch GET 200 https://registry.npmjs.org/@esbuild/win32-x64/-/win32-x64-0.27.7.tgz 2863ms (cache miss)
882 http fetch GET 200 https://registry.npmjs.org/@babel/core/-/core-7.29.0.tgz 3054ms (cache miss)
883 http fetch GET 200 https://registry.npmjs.org/@babel/types/-/types-7.29.0.tgz 3355ms (cache miss)
884 http fetch GET 200 https://registry.npmjs.org/@babel/helpers/-/helpers-7.29.2.tgz 3523ms (cache miss)
885 http fetch GET 200 https://registry.npmjs.org/caniuse-lite/-/caniuse-lite-1.0.30001792.tgz 5638ms (cache miss)
886 info run esbuild@0.27.7 postinstall node_modules/esbuild node install.js
887 info run esbuild@0.27.7 postinstall { code: 0, signal: null }
888 silly ADD node_modules/@types/estree
889 silly ADD node_modules/@rollup/rollup-win32-x64-msvc
890 silly ADD node_modules/@rollup/rollup-win32-x64-gnu
891 silly ADD node_modules/source-map-js
892 silly ADD node_modules/nanoid
893 silly ADD node_modules/@esbuild/win32-x64
894 silly ADD node_modules/tinyglobby
895 silly ADD node_modules/rollup
896 silly ADD node_modules/postcss
897 silly ADD node_modules/picomatch
898 silly ADD node_modules/fdir
899 silly ADD node_modules/esbuild
900 silly ADD node_modules/escalade
901 silly ADD node_modules/scheduler
902 silly ADD node_modules/loose-envify
903 silly ADD node_modules/yallist
904 silly ADD node_modules/ms
905 silly ADD node_modules/update-browserslist-db
906 silly ADD node_modules/node-releases
907 silly ADD node_modules/electron-to-chromium
908 silly ADD node_modules/caniuse-lite
909 silly ADD node_modules/baseline-browser-mapping
910 silly ADD node_modules/@types/babel__traverse
911 silly ADD node_modules/@types/babel__template
912 silly ADD node_modules/@types/babel__generator
913 silly ADD node_modules/@jridgewell/resolve-uri
914 silly ADD node_modules/@jridgewell/sourcemap-codec
915 silly ADD node_modules/@babel/helper-string-parser
916 silly ADD node_modules/@babel/helper-globals
917 silly ADD node_modules/@babel/helper-plugin-utils
918 silly ADD node_modules/@babel/helper-module-imports
919 silly ADD node_modules/lru-cache
920 silly ADD node_modules/browserslist
921 silly ADD node_modules/@babel/helper-validator-option
922 silly ADD node_modules/@babel/compat-data
923 silly ADD node_modules/jsesc
924 silly ADD node_modules/@jridgewell/trace-mapping
925 silly ADD node_modules/@jridgewell/gen-mapping
926 silly ADD node_modules/picocolors
927 silly ADD node_modules/js-tokens
928 silly ADD node_modules/@babel/helper-validator-identifier
929 silly ADD node_modules/semver
930 silly ADD node_modules/json5
931 silly ADD node_modules/gensync
932 silly ADD node_modules/debug
933 silly ADD node_modules/convert-source-map
934 silly ADD node_modules/@jridgewell/remapping
935 silly ADD node_modules/@babel/types
936 silly ADD node_modules/@babel/traverse
937 silly ADD node_modules/@babel/template
938 silly ADD node_modules/@babel/parser
939 silly ADD node_modules/@babel/helpers
940 silly ADD node_modules/@babel/helper-module-transforms
941 silly ADD node_modules/@babel/helper-compilation-targets
942 silly ADD node_modules/@babel/generator
943 silly ADD node_modules/@babel/code-frame
944 silly ADD node_modules/react-refresh
945 silly ADD node_modules/@types/babel__core
946 silly ADD node_modules/@rolldown/pluginutils
947 silly ADD node_modules/@babel/plugin-transform-react-jsx-source
948 silly ADD node_modules/@babel/plugin-transform-react-jsx-self
949 silly ADD node_modules/@babel/core
950 silly ADD node_modules/react-dom
951 silly ADD node_modules/react
952 silly ADD node_modules/vite
953 silly ADD node_modules/@vitejs/plugin-react
954 verbose cwd E:\Arul\CLINTS\Millets Bar
955 verbose os Windows_NT 10.0.26200
956 verbose node v24.11.1
957 verbose npm  v11.6.2
958 notice
958 notice New minor version of npm available! 11.6.2 -> 11.14.0
958 notice Changelog: https://github.com/npm/cli/releases/tag/v11.14.0
958 notice To update run: npm install -g npm@11.14.0
958 notice  { force: true, Symbol(proc-log.meta): true }
959 verbose exit 0
960 info ok
